---------------------------------------------------------------------------------------------------------------------------------------------------------------------------------------------------------------------------------------------------------
Notes: 
  Total_num: the numbers of add/sub in rtl
  Module Name: the module name of the instantiated module calling directly the add/sub sub module
  Location/Inst Name: if linefile info exists(no optimization), print the codes location of add/sub in rtl, else print the inst name
  Count: the amount of lutcarry for add/sub
  Number: the numbers of add/sub with the same lutcarry counts and linefile

Detailed RTL Component Info :
-----Add :
               Total_Num :180
-----Sub :
               Total_Num :77
-----AddSub :
               Total_Num :0

Add_Sub_AddSub: Initial Mapping Report :
|--------------------------------------------------|---------|---------|---------|-----------------------------------------------------------------------------------------------------------------------------------------|
|Module Name                                       |Type     |Count    |Number   |Location/Inst Name                                                                                                                       |
|--------------------------------------------------|---------|---------|---------|-----------------------------------------------------------------------------------------------------------------------------------------|
|top                                               |Add      |14       |1        |../source/jichuang_project/top.v:291                                                                                                     |
|--------------------------------------------------|---------|---------|---------|-----------------------------------------------------------------------------------------------------------------------------------------|
|PRE_PASS_LOOP[0].timing_pre_pass                  |Add      |5        |1        |../ipcore/ddr3_ip/rtl/mcdq_ctrl/syn_mod/ipsxb_mcdq_timing_pre_pass_v1_2.vp:187                                                           |
|--------------------------------------------------|---------|---------|---------|-----------------------------------------------------------------------------------------------------------------------------------------|
|PRE_PASS_LOOP[0].timing_pre_pass                  |Add      |6        |1        |../ipcore/ddr3_ip/rtl/mcdq_ctrl/syn_mod/ipsxb_mcdq_timing_pre_pass_v1_2.vp:190                                                           |
|--------------------------------------------------|---------|---------|---------|-----------------------------------------------------------------------------------------------------------------------------------------|
|PRE_PASS_LOOP[0].timing_pre_pass                  |Sub      |4        |1        |u_ddr3_ip/u_ipsxb_ddrc_top/mcdq_dcp_top/mcdq_dcp_back_ctrl/PRE_PASS_LOOP[0].timing_pre_pass/N88_8                                        |
|--------------------------------------------------|---------|---------|---------|-----------------------------------------------------------------------------------------------------------------------------------------|
|PRE_PASS_LOOP[0].timing_pre_pass                  |Sub      |5        |1        |u_ddr3_ip/u_ipsxb_ddrc_top/mcdq_dcp_top/mcdq_dcp_back_ctrl/PRE_PASS_LOOP[0].timing_pre_pass/N91_8                                        |
|--------------------------------------------------|---------|---------|---------|-----------------------------------------------------------------------------------------------------------------------------------------|
|PRE_PASS_LOOP[1].timing_pre_pass                  |Sub      |4        |1        |u_ddr3_ip/u_ipsxb_ddrc_top/mcdq_dcp_top/mcdq_dcp_back_ctrl/PRE_PASS_LOOP[1].timing_pre_pass/N88_8                                        |
|--------------------------------------------------|---------|---------|---------|-----------------------------------------------------------------------------------------------------------------------------------------|
|PRE_PASS_LOOP[1].timing_pre_pass                  |Sub      |5        |1        |u_ddr3_ip/u_ipsxb_ddrc_top/mcdq_dcp_top/mcdq_dcp_back_ctrl/PRE_PASS_LOOP[1].timing_pre_pass/N91_8                                        |
|--------------------------------------------------|---------|---------|---------|-----------------------------------------------------------------------------------------------------------------------------------------|
|PRE_PASS_LOOP[2].timing_pre_pass                  |Sub      |4        |1        |u_ddr3_ip/u_ipsxb_ddrc_top/mcdq_dcp_top/mcdq_dcp_back_ctrl/PRE_PASS_LOOP[2].timing_pre_pass/N88_8                                        |
|--------------------------------------------------|---------|---------|---------|-----------------------------------------------------------------------------------------------------------------------------------------|
|PRE_PASS_LOOP[2].timing_pre_pass                  |Sub      |5        |1        |u_ddr3_ip/u_ipsxb_ddrc_top/mcdq_dcp_top/mcdq_dcp_back_ctrl/PRE_PASS_LOOP[2].timing_pre_pass/N91_8                                        |
|--------------------------------------------------|---------|---------|---------|-----------------------------------------------------------------------------------------------------------------------------------------|
|PRE_PASS_LOOP[3].timing_pre_pass                  |Sub      |4        |1        |u_ddr3_ip/u_ipsxb_ddrc_top/mcdq_dcp_top/mcdq_dcp_back_ctrl/PRE_PASS_LOOP[3].timing_pre_pass/N88_8                                        |
|--------------------------------------------------|---------|---------|---------|-----------------------------------------------------------------------------------------------------------------------------------------|
|PRE_PASS_LOOP[3].timing_pre_pass                  |Sub      |5        |1        |u_ddr3_ip/u_ipsxb_ddrc_top/mcdq_dcp_top/mcdq_dcp_back_ctrl/PRE_PASS_LOOP[3].timing_pre_pass/N91_8                                        |
|--------------------------------------------------|---------|---------|---------|-----------------------------------------------------------------------------------------------------------------------------------------|
|PRE_PASS_LOOP[4].timing_pre_pass                  |Sub      |4        |1        |u_ddr3_ip/u_ipsxb_ddrc_top/mcdq_dcp_top/mcdq_dcp_back_ctrl/PRE_PASS_LOOP[4].timing_pre_pass/N88_8                                        |
|--------------------------------------------------|---------|---------|---------|-----------------------------------------------------------------------------------------------------------------------------------------|
|PRE_PASS_LOOP[4].timing_pre_pass                  |Sub      |5        |1        |u_ddr3_ip/u_ipsxb_ddrc_top/mcdq_dcp_top/mcdq_dcp_back_ctrl/PRE_PASS_LOOP[4].timing_pre_pass/N91_8                                        |
|--------------------------------------------------|---------|---------|---------|-----------------------------------------------------------------------------------------------------------------------------------------|
|PRE_PASS_LOOP[5].timing_pre_pass                  |Sub      |4        |1        |u_ddr3_ip/u_ipsxb_ddrc_top/mcdq_dcp_top/mcdq_dcp_back_ctrl/PRE_PASS_LOOP[5].timing_pre_pass/N88_8                                        |
|--------------------------------------------------|---------|---------|---------|-----------------------------------------------------------------------------------------------------------------------------------------|
|PRE_PASS_LOOP[5].timing_pre_pass                  |Sub      |5        |1        |u_ddr3_ip/u_ipsxb_ddrc_top/mcdq_dcp_top/mcdq_dcp_back_ctrl/PRE_PASS_LOOP[5].timing_pre_pass/N91_8                                        |
|--------------------------------------------------|---------|---------|---------|-----------------------------------------------------------------------------------------------------------------------------------------|
|PRE_PASS_LOOP[6].timing_pre_pass                  |Sub      |4        |1        |u_ddr3_ip/u_ipsxb_ddrc_top/mcdq_dcp_top/mcdq_dcp_back_ctrl/PRE_PASS_LOOP[6].timing_pre_pass/N88_8                                        |
|--------------------------------------------------|---------|---------|---------|-----------------------------------------------------------------------------------------------------------------------------------------|
|PRE_PASS_LOOP[6].timing_pre_pass                  |Sub      |5        |1        |u_ddr3_ip/u_ipsxb_ddrc_top/mcdq_dcp_top/mcdq_dcp_back_ctrl/PRE_PASS_LOOP[6].timing_pre_pass/N91_8                                        |
|--------------------------------------------------|---------|---------|---------|-----------------------------------------------------------------------------------------------------------------------------------------|
|PRE_PASS_LOOP[7].timing_pre_pass                  |Sub      |4        |1        |u_ddr3_ip/u_ipsxb_ddrc_top/mcdq_dcp_top/mcdq_dcp_back_ctrl/PRE_PASS_LOOP[7].timing_pre_pass/N88_8                                        |
|--------------------------------------------------|---------|---------|---------|-----------------------------------------------------------------------------------------------------------------------------------------|
|PRE_PASS_LOOP[7].timing_pre_pass                  |Sub      |5        |1        |u_ddr3_ip/u_ipsxb_ddrc_top/mcdq_dcp_top/mcdq_dcp_back_ctrl/PRE_PASS_LOOP[7].timing_pre_pass/N91_8                                        |
|--------------------------------------------------|---------|---------|---------|-----------------------------------------------------------------------------------------------------------------------------------------|
|TRDA2ACT_LOOP[0].trda2act_timing                  |Add      |5        |1        |../ipcore/ddr3_ip/rtl/mcdq_ctrl/syn_mod/ipsxb_mcdq_com_timing_v1_2.vp:122                                                                |
|--------------------------------------------------|---------|---------|---------|-----------------------------------------------------------------------------------------------------------------------------------------|
|TRDA2ACT_LOOP[0].trda2act_timing                  |Sub      |4        |1        |u_ddr3_ip/u_ipsxb_ddrc_top/mcdq_dcp_top/mcdq_dcp_back_ctrl/TRDA2ACT_LOOP[0].trda2act_timing/N31_8                                        |
|--------------------------------------------------|---------|---------|---------|-----------------------------------------------------------------------------------------------------------------------------------------|
|TRDA2ACT_LOOP[1].trda2act_timing                  |Sub      |4        |1        |u_ddr3_ip/u_ipsxb_ddrc_top/mcdq_dcp_top/mcdq_dcp_back_ctrl/TRDA2ACT_LOOP[1].trda2act_timing/N31_8                                        |
|--------------------------------------------------|---------|---------|---------|-----------------------------------------------------------------------------------------------------------------------------------------|
|TRDA2ACT_LOOP[2].trda2act_timing                  |Sub      |4        |1        |u_ddr3_ip/u_ipsxb_ddrc_top/mcdq_dcp_top/mcdq_dcp_back_ctrl/TRDA2ACT_LOOP[2].trda2act_timing/N31_8                                        |
|--------------------------------------------------|---------|---------|---------|-----------------------------------------------------------------------------------------------------------------------------------------|
|TRDA2ACT_LOOP[3].trda2act_timing                  |Sub      |4        |1        |u_ddr3_ip/u_ipsxb_ddrc_top/mcdq_dcp_top/mcdq_dcp_back_ctrl/TRDA2ACT_LOOP[3].trda2act_timing/N31_8                                        |
|--------------------------------------------------|---------|---------|---------|-----------------------------------------------------------------------------------------------------------------------------------------|
|TRDA2ACT_LOOP[4].trda2act_timing                  |Sub      |4        |1        |u_ddr3_ip/u_ipsxb_ddrc_top/mcdq_dcp_top/mcdq_dcp_back_ctrl/TRDA2ACT_LOOP[4].trda2act_timing/N31_8                                        |
|--------------------------------------------------|---------|---------|---------|-----------------------------------------------------------------------------------------------------------------------------------------|
|TRDA2ACT_LOOP[5].trda2act_timing                  |Sub      |4        |1        |u_ddr3_ip/u_ipsxb_ddrc_top/mcdq_dcp_top/mcdq_dcp_back_ctrl/TRDA2ACT_LOOP[5].trda2act_timing/N31_8                                        |
|--------------------------------------------------|---------|---------|---------|-----------------------------------------------------------------------------------------------------------------------------------------|
|TRDA2ACT_LOOP[6].trda2act_timing                  |Sub      |4        |1        |u_ddr3_ip/u_ipsxb_ddrc_top/mcdq_dcp_top/mcdq_dcp_back_ctrl/TRDA2ACT_LOOP[6].trda2act_timing/N31_8                                        |
|--------------------------------------------------|---------|---------|---------|-----------------------------------------------------------------------------------------------------------------------------------------|
|TRDA2ACT_LOOP[7].trda2act_timing                  |Sub      |4        |1        |u_ddr3_ip/u_ipsxb_ddrc_top/mcdq_dcp_top/mcdq_dcp_back_ctrl/TRDA2ACT_LOOP[7].trda2act_timing/N31_8                                        |
|--------------------------------------------------|---------|---------|---------|-----------------------------------------------------------------------------------------------------------------------------------------|
|TWRA2ACT_LOOP[0].twra2act_timing                  |Add      |6        |1        |../ipcore/ddr3_ip/rtl/mcdq_ctrl/syn_mod/ipsxb_mcdq_com_timing_v1_2.vp:122                                                                |
|--------------------------------------------------|---------|---------|---------|-----------------------------------------------------------------------------------------------------------------------------------------|
|TWRA2ACT_LOOP[0].twra2act_timing                  |Sub      |5        |1        |u_ddr3_ip/u_ipsxb_ddrc_top/mcdq_dcp_top/mcdq_dcp_back_ctrl/TWRA2ACT_LOOP[0].twra2act_timing/N31_8                                        |
|--------------------------------------------------|---------|---------|---------|-----------------------------------------------------------------------------------------------------------------------------------------|
|TWRA2ACT_LOOP[1].twra2act_timing                  |Sub      |5        |1        |u_ddr3_ip/u_ipsxb_ddrc_top/mcdq_dcp_top/mcdq_dcp_back_ctrl/TWRA2ACT_LOOP[1].twra2act_timing/N31_8                                        |
|--------------------------------------------------|---------|---------|---------|-----------------------------------------------------------------------------------------------------------------------------------------|
|TWRA2ACT_LOOP[2].twra2act_timing                  |Sub      |5        |1        |u_ddr3_ip/u_ipsxb_ddrc_top/mcdq_dcp_top/mcdq_dcp_back_ctrl/TWRA2ACT_LOOP[2].twra2act_timing/N31_8                                        |
|--------------------------------------------------|---------|---------|---------|-----------------------------------------------------------------------------------------------------------------------------------------|
|TWRA2ACT_LOOP[3].twra2act_timing                  |Sub      |5        |1        |u_ddr3_ip/u_ipsxb_ddrc_top/mcdq_dcp_top/mcdq_dcp_back_ctrl/TWRA2ACT_LOOP[3].twra2act_timing/N31_8                                        |
|--------------------------------------------------|---------|---------|---------|-----------------------------------------------------------------------------------------------------------------------------------------|
|TWRA2ACT_LOOP[4].twra2act_timing                  |Sub      |5        |1        |u_ddr3_ip/u_ipsxb_ddrc_top/mcdq_dcp_top/mcdq_dcp_back_ctrl/TWRA2ACT_LOOP[4].twra2act_timing/N31_8                                        |
|--------------------------------------------------|---------|---------|---------|-----------------------------------------------------------------------------------------------------------------------------------------|
|TWRA2ACT_LOOP[5].twra2act_timing                  |Sub      |5        |1        |u_ddr3_ip/u_ipsxb_ddrc_top/mcdq_dcp_top/mcdq_dcp_back_ctrl/TWRA2ACT_LOOP[5].twra2act_timing/N31_8                                        |
|--------------------------------------------------|---------|---------|---------|-----------------------------------------------------------------------------------------------------------------------------------------|
|TWRA2ACT_LOOP[6].twra2act_timing                  |Sub      |5        |1        |u_ddr3_ip/u_ipsxb_ddrc_top/mcdq_dcp_top/mcdq_dcp_back_ctrl/TWRA2ACT_LOOP[6].twra2act_timing/N31_8                                        |
|--------------------------------------------------|---------|---------|---------|-----------------------------------------------------------------------------------------------------------------------------------------|
|TWRA2ACT_LOOP[7].twra2act_timing                  |Sub      |5        |1        |u_ddr3_ip/u_ipsxb_ddrc_top/mcdq_dcp_top/mcdq_dcp_back_ctrl/TWRA2ACT_LOOP[7].twra2act_timing/N31_8                                        |
|--------------------------------------------------|---------|---------|---------|-----------------------------------------------------------------------------------------------------------------------------------------|
|U_ipml_fifo_ctrl                                  |Add      |9        |4        |../ipcore/fifoin/rtl/ipml_fifo_ctrl_v1_3.v:148                                                                                           |
|--------------------------------------------------|---------|---------|---------|-----------------------------------------------------------------------------------------------------------------------------------------|
|U_ipml_fifo_ctrl                                  |Add      |13       |1        |../ipcore/fifoin/rtl/ipml_fifo_ctrl_v1_3.v:148                                                                                           |
|--------------------------------------------------|---------|---------|---------|-----------------------------------------------------------------------------------------------------------------------------------------|
|U_ipml_fifo_ctrl                                  |Add      |13       |1        |../ipcore/fifoin/rtl/ipml_fifo_ctrl_v1_3.v:225                                                                                           |
|--------------------------------------------------|---------|---------|---------|-----------------------------------------------------------------------------------------------------------------------------------------|
|U_ipml_fifo_ctrl                                  |Add      |13       |1        |../ipcore/fifoin/rtl/ipml_fifo_ctrl_v1_3.v:270                                                                                           |
|--------------------------------------------------|---------|---------|---------|-----------------------------------------------------------------------------------------------------------------------------------------|
|U_ipml_fifo_ctrl                                  |Add      |10       |1        |../ipcore/fifoin/rtl/ipml_fifo_ctrl_v1_3.v:96                                                                                            |
|--------------------------------------------------|---------|---------|---------|-----------------------------------------------------------------------------------------------------------------------------------------|
|U_ipml_fifo_ctrl                                  |Add      |12       |4        |../ipcore/fifoin/rtl/ipml_fifo_ctrl_v1_3.v:96                                                                                            |
|--------------------------------------------------|---------|---------|---------|-----------------------------------------------------------------------------------------------------------------------------------------|
|U_ipml_fifo_ctrl                                  |Sub      |10       |1        |u_VDMA0/u_vdma_control/VSDMA_READ_ENABLE.u_fifoout/U_ipml_fifo_fifoout/U_ipml_fifo_ctrl/N278_5                                           |
|--------------------------------------------------|---------|---------|---------|-----------------------------------------------------------------------------------------------------------------------------------------|
|U_ipml_fifo_ctrl                                  |Sub      |9        |1        |u_VDMA0/u_vdma_control/VSDMA_WRITE_ENABLE.u_fifoin/U_ipml_fifo_fifoin/U_ipml_fifo_ctrl/N304_5                                            |
|--------------------------------------------------|---------|---------|---------|-----------------------------------------------------------------------------------------------------------------------------------------|
|U_ipml_fifo_ctrl                                  |Sub      |9        |1        |u_VDMA1/u_vdma_control/VSDMA_WRITE_ENABLE.u_fifoin/U_ipml_fifo_fifoin/U_ipml_fifo_ctrl/N304_5                                            |
|--------------------------------------------------|---------|---------|---------|-----------------------------------------------------------------------------------------------------------------------------------------|
|U_ipml_fifo_ctrl                                  |Sub      |9        |1        |u_VDMA2/u_vdma_control/VSDMA_WRITE_ENABLE.u_fifoin/U_ipml_fifo_fifoin/U_ipml_fifo_ctrl/N304_5                                            |
|--------------------------------------------------|---------|---------|---------|-----------------------------------------------------------------------------------------------------------------------------------------|
|U_ipml_fifo_ctrl                                  |Sub      |9        |1        |u_VDMA3/u_vdma_control/VSDMA_WRITE_ENABLE.u_fifoin/U_ipml_fifo_fifoin/U_ipml_fifo_ctrl/N304_5                                            |
|--------------------------------------------------|---------|---------|---------|-----------------------------------------------------------------------------------------------------------------------------------------|
|data_slice_wrlvl                                  |Add      |8        |4        |../ipcore/ddr3_ip/rtl/ddrphy/ipsxb_ddrphy_data_slice_wrlvl_v1_4.vp:404                                                                   |
|--------------------------------------------------|---------|---------|---------|-----------------------------------------------------------------------------------------------------------------------------------------|
|data_slice_wrlvl                                  |Add      |8        |4        |../ipcore/ddr3_ip/rtl/ddrphy/ipsxb_ddrphy_data_slice_wrlvl_v1_4.vp:407                                                                   |
|--------------------------------------------------|---------|---------|---------|-----------------------------------------------------------------------------------------------------------------------------------------|
|data_slice_wrlvl                                  |Add      |8        |4        |../ipcore/ddr3_ip/rtl/ddrphy/ipsxb_ddrphy_data_slice_wrlvl_v1_4.vp:516                                                                   |
|--------------------------------------------------|---------|---------|---------|-----------------------------------------------------------------------------------------------------------------------------------------|
|ddrphy_info                                       |Add      |6        |1        |../ipcore/ddr3_ip/rtl/ddrphy/ipsxb_ddrphy_info_v1_0.vp:271                                                                               |
|--------------------------------------------------|---------|---------|---------|-----------------------------------------------------------------------------------------------------------------------------------------|
|ddrphy_info                                       |Add      |6        |1        |../ipcore/ddr3_ip/rtl/ddrphy/ipsxb_ddrphy_info_v1_0.vp:273                                                                               |
|--------------------------------------------------|---------|---------|---------|-----------------------------------------------------------------------------------------------------------------------------------------|
|ddrphy_info                                       |Sub      |5        |1        |u_ddr3_ip/u_ddrphy_top/ddrphy_info/mc_al_6                                                                                               |
|--------------------------------------------------|---------|---------|---------|-----------------------------------------------------------------------------------------------------------------------------------------|
|ddrphy_init                                       |Add      |16       |1        |../ipcore/ddr3_ip/rtl/ddrphy/ipsxb_ddrphy_init_v1_0.vp:330                                                                               |
|--------------------------------------------------|---------|---------|---------|-----------------------------------------------------------------------------------------------------------------------------------------|
|ddrphy_init                                       |Add      |16       |1        |../ipcore/ddr3_ip/rtl/ddrphy/ipsxb_ddrphy_init_v1_0.vp:352                                                                               |
|--------------------------------------------------|---------|---------|---------|-----------------------------------------------------------------------------------------------------------------------------------------|
|ddrphy_init                                       |Add      |8        |1        |../ipcore/ddr3_ip/rtl/ddrphy/ipsxb_ddrphy_init_v1_0.vp:373                                                                               |
|--------------------------------------------------|---------|---------|---------|-----------------------------------------------------------------------------------------------------------------------------------------|
|ddrphy_init                                       |Add      |10       |1        |../ipcore/ddr3_ip/rtl/ddrphy/ipsxb_ddrphy_init_v1_0.vp:427                                                                               |
|--------------------------------------------------|---------|---------|---------|-----------------------------------------------------------------------------------------------------------------------------------------|
|ddrphy_pll_lock_debounce                          |Add      |19       |1        |../ipcore/ddr3_ip/rtl/ddrphy/ipsxb_ddrphy_rst_debounce_v1_0.vp:102                                                                       |
|--------------------------------------------------|---------|---------|---------|-----------------------------------------------------------------------------------------------------------------------------------------|
|ddrphy_reset_ctrl                                 |Add      |8        |1        |../ipcore/ddr3_ip/rtl/ddrphy/ipsxb_ddrphy_reset_ctrl_v1_4.vp:286                                                                         |
|--------------------------------------------------|---------|---------|---------|-----------------------------------------------------------------------------------------------------------------------------------------|
|ddrphy_slice_top                                  |Add      |8        |1        |../ipcore/ddr3_ip/rtl/ddrphy/ipsxb_ddrphy_slice_top_v1_4.v:479                                                                           |
|--------------------------------------------------|---------|---------|---------|-----------------------------------------------------------------------------------------------------------------------------------------|
|ddrphy_wrlvl                                      |Add      |8        |1        |../ipcore/ddr3_ip/rtl/ddrphy/ipsxb_ddrphy_wrlvl_v1_0.vp:241                                                                              |
|--------------------------------------------------|---------|---------|---------|-----------------------------------------------------------------------------------------------------------------------------------------|
|dqsi_rdel_cal                                     |Sub      |7        |2        |../ipcore/ddr3_ip/rtl/ddrphy/ipsxb_ddrphy_dqsi_rdel_cal_v1_2.vp:406                                                                      |
|--------------------------------------------------|---------|---------|---------|-----------------------------------------------------------------------------------------------------------------------------------------|
|dqsi_rdel_cal                                     |Add      |8        |2        |../ipcore/ddr3_ip/rtl/ddrphy/ipsxb_ddrphy_dqsi_rdel_cal_v1_2.vp:409                                                                      |
|--------------------------------------------------|---------|---------|---------|-----------------------------------------------------------------------------------------------------------------------------------------|
|dqsi_rdel_cal                                     |Sub      |8        |2        |../ipcore/ddr3_ip/rtl/ddrphy/ipsxb_ddrphy_dqsi_rdel_cal_v1_2.vp:418                                                                      |
|--------------------------------------------------|---------|---------|---------|-----------------------------------------------------------------------------------------------------------------------------------------|
|dqsi_rdel_cal                                     |Add      |6        |2        |../ipcore/ddr3_ip/rtl/ddrphy/ipsxb_ddrphy_dqsi_rdel_cal_v1_2.vp:448                                                                      |
|--------------------------------------------------|---------|---------|---------|-----------------------------------------------------------------------------------------------------------------------------------------|
|dqsi_rdel_cal                                     |Add      |9        |4        |../ipcore/ddr3_ip/rtl/ddrphy/ipsxb_ddrphy_dqsi_rdel_cal_v1_2.vp:457                                                                      |
|--------------------------------------------------|---------|---------|---------|-----------------------------------------------------------------------------------------------------------------------------------------|
|dqsi_rdel_cal                                     |Add      |10       |4        |../ipcore/ddr3_ip/rtl/ddrphy/ipsxb_ddrphy_dqsi_rdel_cal_v1_2.vp:480                                                                      |
|--------------------------------------------------|---------|---------|---------|-----------------------------------------------------------------------------------------------------------------------------------------|
|dqsi_rdel_cal                                     |Add      |8        |4        |../ipcore/ddr3_ip/rtl/ddrphy/ipsxb_ddrphy_dqsi_rdel_cal_v1_2.vp:631                                                                      |
|--------------------------------------------------|---------|---------|---------|-----------------------------------------------------------------------------------------------------------------------------------------|
|dqsi_rdel_cal                                     |Add      |8        |4        |../ipcore/ddr3_ip/rtl/ddrphy/ipsxb_ddrphy_dqsi_rdel_cal_v1_2.vp:645                                                                      |
|--------------------------------------------------|---------|---------|---------|-----------------------------------------------------------------------------------------------------------------------------------------|
|dqsi_rdel_cal                                     |Add      |10       |4        |../ipcore/ddr3_ip/rtl/ddrphy/ipsxb_ddrphy_dqsi_rdel_cal_v1_2.vp:646                                                                      |
|--------------------------------------------------|---------|---------|---------|-----------------------------------------------------------------------------------------------------------------------------------------|
|drift_dqs_group[0].ddrphy_drift_ctrl              |Add      |10       |1        |../ipcore/ddr3_ip/rtl/ddrphy/ipsxb_ddrphy_drift_ctrl_v1_3.vp:331                                                                         |
|--------------------------------------------------|---------|---------|---------|-----------------------------------------------------------------------------------------------------------------------------------------|
|drift_dqs_group[1].ddrphy_drift_ctrl              |Add      |10       |1        |../ipcore/ddr3_ip/rtl/ddrphy/ipsxb_ddrphy_drift_ctrl_v1_3.vp:331                                                                         |
|--------------------------------------------------|---------|---------|---------|-----------------------------------------------------------------------------------------------------------------------------------------|
|drift_dqs_group[2].ddrphy_drift_ctrl              |Add      |10       |1        |../ipcore/ddr3_ip/rtl/ddrphy/ipsxb_ddrphy_drift_ctrl_v1_3.vp:331                                                                         |
|--------------------------------------------------|---------|---------|---------|-----------------------------------------------------------------------------------------------------------------------------------------|
|drift_dqs_group[3].ddrphy_drift_ctrl              |Add      |10       |1        |../ipcore/ddr3_ip/rtl/ddrphy/ipsxb_ddrphy_drift_ctrl_v1_3.vp:331                                                                         |
|--------------------------------------------------|---------|---------|---------|-----------------------------------------------------------------------------------------------------------------------------------------|
|gatecal                                           |Add      |6        |4        |../ipcore/ddr3_ip/rtl/ddrphy/ipsxb_ddrphy_gatecal_v1_3.vp:443                                                                            |
|--------------------------------------------------|---------|---------|---------|-----------------------------------------------------------------------------------------------------------------------------------------|
|gatecal                                           |Add      |5        |4        |../ipcore/ddr3_ip/rtl/ddrphy/ipsxb_ddrphy_gatecal_v1_3.vp:552                                                                            |
|--------------------------------------------------|---------|---------|---------|-----------------------------------------------------------------------------------------------------------------------------------------|
|gatecal                                           |Add      |6        |4        |../ipcore/ddr3_ip/rtl/ddrphy/ipsxb_ddrphy_gatecal_v1_3.vp:559                                                                            |
|--------------------------------------------------|---------|---------|---------|-----------------------------------------------------------------------------------------------------------------------------------------|
|gatecal                                           |Add      |6        |4        |../ipcore/ddr3_ip/rtl/ddrphy/ipsxb_ddrphy_gatecal_v1_3.vp:575                                                                            |
|--------------------------------------------------|---------|---------|---------|-----------------------------------------------------------------------------------------------------------------------------------------|
|gatecal                                           |Sub      |6        |1        |u_ddr3_ip/u_ddrphy_top/ddrphy_slice_top/i_dqs_group[0].u_ddrphy_data_slice/data_slice_dqs_gate_cal/gatecal/N389_8                        |
|--------------------------------------------------|---------|---------|---------|-----------------------------------------------------------------------------------------------------------------------------------------|
|gatecal                                           |Sub      |6        |1        |u_ddr3_ip/u_ddrphy_top/ddrphy_slice_top/i_dqs_group[1].u_ddrphy_data_slice/data_slice_dqs_gate_cal/gatecal/N389_8                        |
|--------------------------------------------------|---------|---------|---------|-----------------------------------------------------------------------------------------------------------------------------------------|
|gatecal                                           |Sub      |6        |1        |u_ddr3_ip/u_ddrphy_top/ddrphy_slice_top/i_dqs_group[2].u_ddrphy_data_slice/data_slice_dqs_gate_cal/gatecal/N389_8                        |
|--------------------------------------------------|---------|---------|---------|-----------------------------------------------------------------------------------------------------------------------------------------|
|gatecal                                           |Sub      |6        |1        |u_ddr3_ip/u_ddrphy_top/ddrphy_slice_top/i_dqs_group[3].u_ddrphy_data_slice/data_slice_dqs_gate_cal/gatecal/N389_8                        |
|--------------------------------------------------|---------|---------|---------|-----------------------------------------------------------------------------------------------------------------------------------------|
|mcdq_cfg_apb                                      |Add      |6        |1        |../ipcore/ddr3_ip/rtl/mcdq_ctrl/ipsxb_mcdq_cfg_apb_v1_2.vp:1182                                                                          |
|--------------------------------------------------|---------|---------|---------|-----------------------------------------------------------------------------------------------------------------------------------------|
|mcdq_cfg_apb                                      |Sub      |5        |1        |u_ddr3_ip/u_ipsxb_ddrc_top/mcdq_cfg_apb/ddr3_mc_al_6                                                                                     |
|--------------------------------------------------|---------|---------|---------|-----------------------------------------------------------------------------------------------------------------------------------------|
|mcdq_dcd_bm                                       |Add      |13       |1        |../ipcore/ddr3_ip/rtl/mcdq_ctrl/ipsxb_mcdq_dcd_bm_v1_2.vp:327                                                                            |
|--------------------------------------------------|---------|---------|---------|-----------------------------------------------------------------------------------------------------------------------------------------|
|mcdq_dcd_sm                                       |Add      |8        |1        |u_ddr3_ip/u_ipsxb_ddrc_top/mcdq_dcd_top/mcdq_dcd_sm/N162[9:0]_6                                                                          |
|--------------------------------------------------|---------|---------|---------|-----------------------------------------------------------------------------------------------------------------------------------------|
|mcdq_dcp_buf                                      |Add      |7        |1        |../ipcore/ddr3_ip/rtl/mcdq_ctrl/ipsxb_mcdq_dcp_buf_v1_2.vp:388                                                                           |
|--------------------------------------------------|---------|---------|---------|-----------------------------------------------------------------------------------------------------------------------------------------|
|mcdq_dcp_buf                                      |Add      |7        |1        |../ipcore/ddr3_ip/rtl/mcdq_ctrl/ipsxb_mcdq_dcp_buf_v1_2.vp:549                                                                           |
|--------------------------------------------------|---------|---------|---------|-----------------------------------------------------------------------------------------------------------------------------------------|
|mcdq_mrs                                          |Sub      |5        |1        |../ipcore/ddr3_ip/rtl/mcdq_ctrl/ipsxb_mcdq_mrs_v1_2.vp:456                                                                               |
|--------------------------------------------------|---------|---------|---------|-----------------------------------------------------------------------------------------------------------------------------------------|
|mcdq_mrs                                          |Add      |5        |1        |u_ddr3_ip/u_ipsxb_ddrc_top/mcdq_mrs/N255_7                                                                                               |
|--------------------------------------------------|---------|---------|---------|-----------------------------------------------------------------------------------------------------------------------------------------|
|mcdq_timing_rd_pass                               |Sub      |5        |1        |u_ddr3_ip/u_ipsxb_ddrc_top/mcdq_dcp_top/mcdq_dcp_back_ctrl/mcdq_timing_rd_pass/N110_8                                                    |
|--------------------------------------------------|---------|---------|---------|-----------------------------------------------------------------------------------------------------------------------------------------|
|mcdq_ui_axi                                       |Add      |9        |1        |../ipcore/ddr3_ip/rtl/mcdq_ctrl/ipsxb_mcdq_ui_axi_v1_2.vp:441                                                                            |
|--------------------------------------------------|---------|---------|---------|-----------------------------------------------------------------------------------------------------------------------------------------|
|mcdq_ui_axi                                       |Add      |5        |1        |u_ddr3_ip/u_ipsxb_ddrc_top/mcdq_ui_axi/N59_1                                                                                             |
|--------------------------------------------------|---------|---------|---------|-----------------------------------------------------------------------------------------------------------------------------------------|
|mcdq_ui_axi                                       |Add      |26       |1        |u_ddr3_ip/u_ipsxb_ddrc_top/mcdq_ui_axi/N69_2                                                                                             |
|--------------------------------------------------|---------|---------|---------|-----------------------------------------------------------------------------------------------------------------------------------------|
|ms7200_ctl                                        |Add      |9        |1        |../source/MS72xx/ms7200_ctl.v:487                                                                                                        |
|--------------------------------------------------|---------|---------|---------|-----------------------------------------------------------------------------------------------------------------------------------------|
|ms7200_ctl                                        |Add      |9        |1        |../source/MS72xx/ms7200_ctl.v:629                                                                                                        |
|--------------------------------------------------|---------|---------|---------|-----------------------------------------------------------------------------------------------------------------------------------------|
|ms7210_ctl                                        |Add      |22       |1        |../source/MS72xx/ms7210_ctl.v:225                                                                                                        |
|--------------------------------------------------|---------|---------|---------|-----------------------------------------------------------------------------------------------------------------------------------------|
|ms7210_ctl                                        |Add      |6        |1        |../source/MS72xx/ms7210_ctl.v:291                                                                                                        |
|--------------------------------------------------|---------|---------|---------|-----------------------------------------------------------------------------------------------------------------------------------------|
|pattern_vg                                        |Sub      |10       |1        |../source/src/pattern_vg.v:53                                                                                                            |
|--------------------------------------------------|---------|---------|---------|-----------------------------------------------------------------------------------------------------------------------------------------|
|pattern_vg                                        |Sub      |7        |1        |../source/src/pattern_vg.v:57                                                                                                            |
|--------------------------------------------------|---------|---------|---------|-----------------------------------------------------------------------------------------------------------------------------------------|
|pattern_vg                                        |Add      |11       |1        |../source/src/pattern_vg.v:69                                                                                                            |
|--------------------------------------------------|---------|---------|---------|-----------------------------------------------------------------------------------------------------------------------------------------|
|rdcal                                             |Add      |18       |1        |../ipcore/ddr3_ip/rtl/ddrphy/ipsxb_ddrphy_rdcal_v1_2.vp:654                                                                              |
|--------------------------------------------------|---------|---------|---------|-----------------------------------------------------------------------------------------------------------------------------------------|
|timing_act_pass                                   |Sub      |5        |1        |u_ddr3_ip/u_ipsxb_ddrc_top/mcdq_dcp_top/mcdq_dcp_back_ctrl/timing_act_pass/N77_8                                                         |
|--------------------------------------------------|---------|---------|---------|-----------------------------------------------------------------------------------------------------------------------------------------|
|timing_prea_pass                                  |Sub      |4        |1        |u_ddr3_ip/u_ipsxb_ddrc_top/mcdq_dcp_top/mcdq_dcp_back_ctrl/timing_prea_pass/N88_8                                                        |
|--------------------------------------------------|---------|---------|---------|-----------------------------------------------------------------------------------------------------------------------------------------|
|timing_prea_pass                                  |Sub      |5        |1        |u_ddr3_ip/u_ipsxb_ddrc_top/mcdq_dcp_top/mcdq_dcp_back_ctrl/timing_prea_pass/N91_8                                                        |
|--------------------------------------------------|---------|---------|---------|-----------------------------------------------------------------------------------------------------------------------------------------|
|timing_ref_pass                                   |Add      |6        |1        |../ipcore/ddr3_ip/rtl/mcdq_ctrl/syn_mod/ipsxb_mcdq_timing_ref_pass_v1_2.vp:120                                                           |
|--------------------------------------------------|---------|---------|---------|-----------------------------------------------------------------------------------------------------------------------------------------|
|timing_ref_pass                                   |Sub      |5        |1        |u_ddr3_ip/u_ipsxb_ddrc_top/mcdq_dcp_top/mcdq_dcp_back_ctrl/timing_ref_pass/N50_12                                                        |
|--------------------------------------------------|---------|---------|---------|-----------------------------------------------------------------------------------------------------------------------------------------|
|timing_ref_pass                                   |Sub      |5        |1        |u_ddr3_ip/u_ipsxb_ddrc_top/mcdq_dcp_top/mcdq_dcp_back_ctrl/timing_ref_pass/N50_13                                                        |
|--------------------------------------------------|---------|---------|---------|-----------------------------------------------------------------------------------------------------------------------------------------|
|timing_wr_pass                                    |Add      |5        |1        |../ipcore/ddr3_ip/rtl/mcdq_ctrl/syn_mod/ipsxb_mcdq_timing_wr_pass_v1_2.vp:166                                                            |
|--------------------------------------------------|---------|---------|---------|-----------------------------------------------------------------------------------------------------------------------------------------|
|timing_wr_pass                                    |Sub      |4        |1        |u_ddr3_ip/u_ipsxb_ddrc_top/mcdq_dcp_top/mcdq_dcp_back_ctrl/timing_wr_pass/N110_8                                                         |
|--------------------------------------------------|---------|---------|---------|-----------------------------------------------------------------------------------------------------------------------------------------|
|u_1                                               |Add      |11       |1        |../source/source/video_scale/video_scale.v:55                                                                                            |
|--------------------------------------------------|---------|---------|---------|-----------------------------------------------------------------------------------------------------------------------------------------|
|u_1                                               |Add      |16       |1        |../source/source/video_scale/video_scale.v:59                                                                                            |
|--------------------------------------------------|---------|---------|---------|-----------------------------------------------------------------------------------------------------------------------------------------|
|u_1                                               |Add      |33       |1        |../source/source/video_scale/video_scale.v:73                                                                                            |
|--------------------------------------------------|---------|---------|---------|-----------------------------------------------------------------------------------------------------------------------------------------|
|u_1                                               |Add      |33       |1        |../source/source/video_scale/video_scale.v:79                                                                                            |
|--------------------------------------------------|---------|---------|---------|-----------------------------------------------------------------------------------------------------------------------------------------|
|u_2                                               |Add      |11       |1        |../source/source/video_scale/video_scale.v:55                                                                                            |
|--------------------------------------------------|---------|---------|---------|-----------------------------------------------------------------------------------------------------------------------------------------|
|u_2                                               |Add      |16       |1        |../source/source/video_scale/video_scale.v:59                                                                                            |
|--------------------------------------------------|---------|---------|---------|-----------------------------------------------------------------------------------------------------------------------------------------|
|u_2                                               |Add      |33       |1        |../source/source/video_scale/video_scale.v:73                                                                                            |
|--------------------------------------------------|---------|---------|---------|-----------------------------------------------------------------------------------------------------------------------------------------|
|u_2                                               |Add      |33       |1        |../source/source/video_scale/video_scale.v:79                                                                                            |
|--------------------------------------------------|---------|---------|---------|-----------------------------------------------------------------------------------------------------------------------------------------|
|u_arp_tx                                          |Add      |6        |1        |../source/source/arp/arp_tx.v:252                                                                                                        |
|--------------------------------------------------|---------|---------|---------|-----------------------------------------------------------------------------------------------------------------------------------------|
|u_i2c_cfg                                         |Add      |13       |2        |../source/ov5640/i2c_ov5640_rgb565_cfg.v:44                                                                                              |
|--------------------------------------------------|---------|---------|---------|-----------------------------------------------------------------------------------------------------------------------------------------|
|u_i2c_cfg                                         |Add      |8        |2        |../source/ov5640/i2c_ov5640_rgb565_cfg.v:53                                                                                              |
|--------------------------------------------------|---------|---------|---------|-----------------------------------------------------------------------------------------------------------------------------------------|
|u_i2c_dr                                          |Add      |7        |2        |../source/ov5640/i2c_dri.v:184                                                                                                           |
|--------------------------------------------------|---------|---------|---------|-----------------------------------------------------------------------------------------------------------------------------------------|
|u_ipsxb_ddrc_top                                  |Add      |6        |1        |../ipcore/ddr3_ip/rtl/mcdq_ctrl/ipsxb_mcdq_wrapper_v1_2a.vp:842                                                                          |
|--------------------------------------------------|---------|---------|---------|-----------------------------------------------------------------------------------------------------------------------------------------|
|u_ipsxb_ddrc_top                                  |Add      |6        |1        |../ipcore/ddr3_ip/rtl/mcdq_ctrl/ipsxb_mcdq_wrapper_v1_2a.vp:844                                                                          |
|--------------------------------------------------|---------|---------|---------|-----------------------------------------------------------------------------------------------------------------------------------------|
|u_ipsxb_ddrc_top                                  |Add      |6        |1        |../ipcore/ddr3_ip/rtl/mcdq_ctrl/ipsxb_mcdq_wrapper_v1_2a.vp:849                                                                          |
|--------------------------------------------------|---------|---------|---------|-----------------------------------------------------------------------------------------------------------------------------------------|
|u_ipsxb_ddrc_top                                  |Sub      |7        |1        |u_ddr3_ip/u_ipsxb_ddrc_top/N32_2                                                                                                         |
|--------------------------------------------------|---------|---------|---------|-----------------------------------------------------------------------------------------------------------------------------------------|
|u_ipsxb_ddrc_top                                  |Add      |3        |1        |u_ddr3_ip/u_ipsxb_ddrc_top/N32_3                                                                                                         |
|--------------------------------------------------|---------|---------|---------|-----------------------------------------------------------------------------------------------------------------------------------------|
|u_ipsxb_ddrc_top                                  |Add      |6        |1        |u_ddr3_ip/u_ipsxb_ddrc_top/N6_2                                                                                                          |
|--------------------------------------------------|---------|---------|---------|-----------------------------------------------------------------------------------------------------------------------------------------|
|u_ipsxb_distributed_fifo_ctr                      |Add      |6        |3        |../ipcore/ddr3_ip/rtl/mcdq_ctrl/distributed_fifo/rtl/ipsxb_distributed_fifo_ctr_v1_0.v:218                                               |
|--------------------------------------------------|---------|---------|---------|-----------------------------------------------------------------------------------------------------------------------------------------|
|u_ipsxb_distributed_fifo_ctr                      |Add      |6        |3        |../ipcore/ddr3_ip/rtl/mcdq_ctrl/distributed_fifo/rtl/ipsxb_distributed_fifo_ctr_v1_0.v:255                                               |
|--------------------------------------------------|---------|---------|---------|-----------------------------------------------------------------------------------------------------------------------------------------|
|u_ipsxb_distributed_fifo_ctr                      |Sub      |7        |2        |../ipcore/ddr3_ip/rtl/mcdq_ctrl/distributed_fifo/rtl/ipsxb_distributed_fifo_ctr_v1_0.v:299                                               |
|--------------------------------------------------|---------|---------|---------|-----------------------------------------------------------------------------------------------------------------------------------------|
|u_ipsxb_distributed_fifo_ctr                      |Sub      |7        |2        |../ipcore/ddr3_ip/rtl/mcdq_ctrl/distributed_fifo/rtl/ipsxb_distributed_fifo_ctr_v1_0.v:301                                               |
|--------------------------------------------------|---------|---------|---------|-----------------------------------------------------------------------------------------------------------------------------------------|
|u_udp_rx                                          |Sub      |13       |1        |../source/source/udp/udp_rx.v:235                                                                                                        |
|--------------------------------------------------|---------|---------|---------|-----------------------------------------------------------------------------------------------------------------------------------------|
|u_udp_rx                                          |Add      |16       |1        |../source/source/udp/udp_rx.v:244                                                                                                        |
|--------------------------------------------------|---------|---------|---------|-----------------------------------------------------------------------------------------------------------------------------------------|
|u_udp_rx                                          |Sub      |16       |1        |../source/source/udp/udp_rx.v:246                                                                                                        |
|--------------------------------------------------|---------|---------|---------|-----------------------------------------------------------------------------------------------------------------------------------------|
|u_udp_tx                                          |Add      |14       |1        |../source/source/udp/udp_tx.v:122                                                                                                        |
|--------------------------------------------------|---------|---------|---------|-----------------------------------------------------------------------------------------------------------------------------------------|
|u_udp_tx                                          |Add      |13       |1        |../source/source/udp/udp_tx.v:124                                                                                                        |
|--------------------------------------------------|---------|---------|---------|-----------------------------------------------------------------------------------------------------------------------------------------|
|u_udp_tx                                          |Add      |16       |1        |../source/source/udp/udp_tx.v:250                                                                                                        |
|--------------------------------------------------|---------|---------|---------|-----------------------------------------------------------------------------------------------------------------------------------------|
|u_udp_tx                                          |Add      |3        |1        |../source/source/udp/udp_tx.v:281                                                                                                        |
|--------------------------------------------------|---------|---------|---------|-----------------------------------------------------------------------------------------------------------------------------------------|
|u_udp_tx                                          |Add      |9        |1        |../source/source/udp/udp_tx.v:281                                                                                                        |
|--------------------------------------------------|---------|---------|---------|-----------------------------------------------------------------------------------------------------------------------------------------|
|u_udp_tx                                          |Add      |17       |2        |../source/source/udp/udp_tx.v:281                                                                                                        |
|--------------------------------------------------|---------|---------|---------|-----------------------------------------------------------------------------------------------------------------------------------------|
|u_udp_tx                                          |Add      |18       |1        |../source/source/udp/udp_tx.v:281                                                                                                        |
|--------------------------------------------------|---------|---------|---------|-----------------------------------------------------------------------------------------------------------------------------------------|
|u_udp_tx                                          |Add      |19       |1        |../source/source/udp/udp_tx.v:281                                                                                                        |
|--------------------------------------------------|---------|---------|---------|-----------------------------------------------------------------------------------------------------------------------------------------|
|u_udp_tx                                          |Add      |20       |1        |../source/source/udp/udp_tx.v:281                                                                                                        |
|--------------------------------------------------|---------|---------|---------|-----------------------------------------------------------------------------------------------------------------------------------------|
|u_udp_tx                                          |Sub      |16       |1        |../source/source/udp/udp_tx.v:348                                                                                                        |
|--------------------------------------------------|---------|---------|---------|-----------------------------------------------------------------------------------------------------------------------------------------|
|u_udp_tx                                          |Add      |16       |1        |../source/source/udp/udp_tx.v:349                                                                                                        |
|--------------------------------------------------|---------|---------|---------|-----------------------------------------------------------------------------------------------------------------------------------------|
|u_udp_tx                                          |Add      |17       |1        |../source/source/udp/udp_tx.v:354                                                                                                        |
|--------------------------------------------------|---------|---------|---------|-----------------------------------------------------------------------------------------------------------------------------------------|
|u_udp_tx                                          |Add      |21       |1        |eth_udp_loop_inst/u_udp/u_udp_tx/N917_5                                                                                                  |
|--------------------------------------------------|---------|---------|---------|-----------------------------------------------------------------------------------------------------------------------------------------|
|u_vdma_control                                    |Add      |16       |1        |../source/source/video_stream_dma/vdma_control.v:131                                                                                     |
|--------------------------------------------------|---------|---------|---------|-----------------------------------------------------------------------------------------------------------------------------------------|
|u_vdma_control                                    |Add      |19       |2        |../source/source/video_stream_dma/vdma_control.v:131                                                                                     |
|--------------------------------------------------|---------|---------|---------|-----------------------------------------------------------------------------------------------------------------------------------------|
|u_vdma_control                                    |Add      |8        |4        |../source/source/video_stream_dma/vdma_control.v:196                                                                                     |
|--------------------------------------------------|---------|---------|---------|-----------------------------------------------------------------------------------------------------------------------------------------|
|u_vdma_control                                    |Add      |16       |4        |../source/source/video_stream_dma/vdma_control.v:212                                                                                     |
|--------------------------------------------------|---------|---------|---------|-----------------------------------------------------------------------------------------------------------------------------------------|
|u_vdma_control                                    |Add      |8        |1        |../source/source/video_stream_dma/vdma_control.v:349                                                                                     |
|--------------------------------------------------|---------|---------|---------|-----------------------------------------------------------------------------------------------------------------------------------------|
|u_vdma_control                                    |Add      |16       |1        |../source/source/video_stream_dma/vdma_control.v:365                                                                                     |
|--------------------------------------------------|---------|---------|---------|-----------------------------------------------------------------------------------------------------------------------------------------|
|u_vdma_control                                    |Add      |17       |1        |u_VDMA0/u_vdma_control/N222_4                                                                                                            |
|--------------------------------------------------|---------|---------|---------|-----------------------------------------------------------------------------------------------------------------------------------------|
|u_vdma_control                                    |Add      |16       |1        |u_VDMA0/u_vdma_control/N396_4                                                                                                            |
|--------------------------------------------------|---------|---------|---------|-----------------------------------------------------------------------------------------------------------------------------------------|
|u_vdma_control                                    |Add      |17       |1        |u_VDMA1/u_vdma_control/N222_4                                                                                                            |
|--------------------------------------------------|---------|---------|---------|-----------------------------------------------------------------------------------------------------------------------------------------|
|u_vdma_control                                    |Add      |17       |1        |u_VDMA2/u_vdma_control/N222_4                                                                                                            |
|--------------------------------------------------|---------|---------|---------|-----------------------------------------------------------------------------------------------------------------------------------------|
|u_vdma_control                                    |Add      |17       |1        |u_VDMA3/u_vdma_control/N222_4                                                                                                            |
|--------------------------------------------------|---------|---------|---------|-----------------------------------------------------------------------------------------------------------------------------------------|
|u_vdma_to_axi                                     |Add      |26       |4        |../source/source/video_stream_dma/vdma_to_axi.v:116                                                                                      |
|--------------------------------------------------|---------|---------|---------|-----------------------------------------------------------------------------------------------------------------------------------------|
|u_vdma_to_axi                                     |Add      |9        |4        |../source/source/video_stream_dma/vdma_to_axi.v:162                                                                                      |
|--------------------------------------------------|---------|---------|---------|-----------------------------------------------------------------------------------------------------------------------------------------|
|u_vdma_to_axi                                     |Add      |16       |4        |../source/source/video_stream_dma/vdma_to_axi.v:182                                                                                      |
|--------------------------------------------------|---------|---------|---------|-----------------------------------------------------------------------------------------------------------------------------------------|
|u_vdma_to_axi                                     |Sub      |8        |1        |../source/source/video_stream_dma/vdma_to_axi.v:215                                                                                      |
|--------------------------------------------------|---------|---------|---------|-----------------------------------------------------------------------------------------------------------------------------------------|
|u_vdma_to_axi                                     |Add      |26       |1        |../source/source/video_stream_dma/vdma_to_axi.v:243                                                                                      |
|--------------------------------------------------|---------|---------|---------|-----------------------------------------------------------------------------------------------------------------------------------------|
|u_vdma_to_axi                                     |Add      |9        |1        |../source/source/video_stream_dma/vdma_to_axi.v:288                                                                                      |
|--------------------------------------------------|---------|---------|---------|-----------------------------------------------------------------------------------------------------------------------------------------|
|u_vdma_to_axi                                     |Add      |16       |1        |../source/source/video_stream_dma/vdma_to_axi.v:308                                                                                      |
|--------------------------------------------------|---------|---------|---------|-----------------------------------------------------------------------------------------------------------------------------------------|
|u_vdma_to_axi                                     |Sub      |8        |4        |../source/source/video_stream_dma/vdma_to_axi.v:86                                                                                       |
|--------------------------------------------------|---------|---------|---------|-----------------------------------------------------------------------------------------------------------------------------------------|
|u_vdma_to_axi                                     |Sub      |17       |1        |u_VDMA0/u_vdma_to_axi/N321_3                                                                                                             |
|--------------------------------------------------|---------|---------|---------|-----------------------------------------------------------------------------------------------------------------------------------------|
|u_vdma_to_axi                                     |Sub      |17       |1        |u_VDMA0/u_vdma_to_axi/N350_3                                                                                                             |
|--------------------------------------------------|---------|---------|---------|-----------------------------------------------------------------------------------------------------------------------------------------|
|u_vdma_to_axi                                     |Sub      |17       |1        |u_VDMA1/u_vdma_to_axi/N321_3                                                                                                             |
|--------------------------------------------------|---------|---------|---------|-----------------------------------------------------------------------------------------------------------------------------------------|
|u_vdma_to_axi                                     |Sub      |17       |1        |u_VDMA2/u_vdma_to_axi/N321_3                                                                                                             |
|--------------------------------------------------|---------|---------|---------|-----------------------------------------------------------------------------------------------------------------------------------------|
|u_vdma_to_axi                                     |Sub      |17       |1        |u_VDMA3/u_vdma_to_axi/N321_3                                                                                                             |
|--------------------------------------------------|---------|---------|---------|-----------------------------------------------------------------------------------------------------------------------------------------|
|u_video_scale_960_540                             |Add      |12       |1        |../source/video_scale/video_scale_960_540.v:57                                                                                           |
|--------------------------------------------------|---------|---------|---------|-----------------------------------------------------------------------------------------------------------------------------------------|
|u_video_scale_960_540                             |Add      |16       |1        |../source/video_scale/video_scale_960_540.v:61                                                                                           |
|--------------------------------------------------|---------|---------|---------|-----------------------------------------------------------------------------------------------------------------------------------------|
|u_video_scale_960_540                             |Add      |33       |1        |../source/video_scale/video_scale_960_540.v:75                                                                                           |
|--------------------------------------------------|---------|---------|---------|-----------------------------------------------------------------------------------------------------------------------------------------|
|u_video_scale_960_540                             |Add      |33       |1        |../source/video_scale/video_scale_960_540.v:81                                                                                           |
|--------------------------------------------------|---------|---------|---------|-----------------------------------------------------------------------------------------------------------------------------------------|
|u_vtc                                             |Sub      |6        |1        |../source/jichuang_project/vtc.v:140                                                                                                     |
|--------------------------------------------------|---------|---------|---------|-----------------------------------------------------------------------------------------------------------------------------------------|
|u_vtc                                             |Sub      |12       |1        |../source/jichuang_project/vtc.v:154                                                                                                     |
|--------------------------------------------------|---------|---------|---------|-----------------------------------------------------------------------------------------------------------------------------------------|
|u_vtc                                             |Add      |12       |1        |../source/jichuang_project/vtc.v:70                                                                                                      |
|--------------------------------------------------|---------|---------|---------|-----------------------------------------------------------------------------------------------------------------------------------------|
|u_vtc                                             |Add      |11       |1        |../source/jichuang_project/vtc.v:87                                                                                                      |
|--------------------------------------------------|---------|---------|---------|-----------------------------------------------------------------------------------------------------------------------------------------|
|upcal                                             |Add      |8        |1        |../ipcore/ddr3_ip/rtl/ddrphy/ipsxb_ddrphy_upcal_v1_4.vp:634                                                                              |
|--------------------------------------------------|---------|---------|---------|-----------------------------------------------------------------------------------------------------------------------------------------|

---------------------------------------------------------------------------------------------------------------------------------------------------------------------------------------------------------------------------------------------------------

