------------------------------------------------------------------------------------------------------------------------------------------------------------------------------------------------------------------------------------------------------------------------------------------------------------
Detailed RTL Component Info :
-----Module Name :
                    top

-----ROMs :
            64 Bit    (64 x 1 bit)          ROMs := 4
            1K Bit    (64 x 20 bit)          ROMs := 1
            10K Bit    (512 x 20 bit)          ROMs := 1

-----RAMs :
            32 Bit    (16 x 2 bit)          RAMs := 1
            688 Bit    (16 x 43 bit)          RAMs := 2

Distributed RAM and Block RAM: Final Mapping Report
|-----------------------------------------------------------------------------------------------------------------------------------------------------------------------------------|------------------------|-------------------|---------|
| DPRAM Inst Name                                                                                                                                                                   | Size (Depth x Width)   | Primitives        | Count   |
|-----------------------------------------------------------------------------------------------------------------------------------------------------------------------------------|------------------------|-------------------|---------|
| u_ov5640_dri_2/u_i2c_dr/N148                                                                                                                                                      | 64 x 1                 |                   |         |
|                                                                                                                                                                                   | 64 x 1                 | GTP_ROM64X1       | 1       |
|-----------------------------------------------------------------------------------------------------------------------------------------------------------------------------------|------------------------|-------------------|---------|
| u_ddr3_ip/u_ipsxb_ddrc_top/mcdq_dcp_top/mcdq_dcp_buf/B_ipsxb_distributed_fifo/u_ipsxb_distributed_fifo_distributed_fifo_v1_0/ipsxb_distributed_sdpram_distributed_fifo_v1_0/mem   | 16 x 43                |                   |         |
|                                                                                                                                                                                   | 16 x 1                 | GTP_RAM16X1DP     | 40      |
|-----------------------------------------------------------------------------------------------------------------------------------------------------------------------------------|------------------------|-------------------|---------|
| u_ddr3_ip/u_ipsxb_ddrc_top/mcdq_dcp_top/mcdq_dcp_buf/A_ipsxb_distributed_fifo/u_ipsxb_distributed_fifo_distributed_fifo_v1_0/ipsxb_distributed_sdpram_distributed_fifo_v1_0/mem   | 16 x 43                |                   |         |
|                                                                                                                                                                                   | 16 x 1                 | GTP_RAM16X1DP     | 40      |
|-----------------------------------------------------------------------------------------------------------------------------------------------------------------------------------|------------------------|-------------------|---------|
| u_ddr3_ip/u_ipsxb_ddrc_top/mcdq_wdatapath/ipsxb_distributed_fifo/u_ipsxb_distributed_fifo_distributed_fifo_v1_0/ipsxb_distributed_sdpram_distributed_fifo_v1_0/mem                | 16 x 2                 |                   |         |
|                                                                                                                                                                                   | 16 x 1                 | GTP_RAM16X1DP     | 2       |
|-----------------------------------------------------------------------------------------------------------------------------------------------------------------------------------|------------------------|-------------------|---------|
| u_ov5640_dri_2/u_i2c_dr/N216                                                                                                                                                      | 64 x 1                 |                   |         |
|                                                                                                                                                                                   | 64 x 1                 | GTP_ROM64X1       | 1       |
|-----------------------------------------------------------------------------------------------------------------------------------------------------------------------------------|------------------------|-------------------|---------|
| u_ov5640_dri_1/u_i2c_dr/N216                                                                                                                                                      | 64 x 1                 |                   |         |
|                                                                                                                                                                                   | 64 x 1                 | GTP_ROM64X1       | 1       |
|-----------------------------------------------------------------------------------------------------------------------------------------------------------------------------------|------------------------|-------------------|---------|
| u_ov5640_dri_1/u_i2c_dr/N148                                                                                                                                                      | 64 x 1                 |                   |         |
|                                                                                                                                                                                   | 64 x 1                 | GTP_ROM64X1       | 1       |
|-----------------------------------------------------------------------------------------------------------------------------------------------------------------------------------|------------------------|-------------------|---------|

|--------------------------------------------|------------------------|-------------------|-------------------|-------------------|-------------------|
| Inst Name                                  | Size (Depth x Width)   | Write_Mode_A      | Write_Mode_B      | Ram_Mode          | Primitives        |
|--------------------------------------------|------------------------|-------------------|-------------------|-------------------|-------------------|
| u_ms72xx_ctl/ms7200_ctl/N1219_1_concat_3   | 512 x 20               |                   |                   |                   |                   |
|                         N1219_1_concat_3   | 512 x 20               | NORMAL_WRITE      | /                 | SINGLE_PORT       | GTP_DRM18K        |
|--------------------------------------------|------------------------|-------------------|-------------------|-------------------|-------------------|
| u_ms72xx_ctl/ms7210_ctl/N325_1_concat_2    | 64 x 20                |                   |                   |                   |                   |
|                         N325_1_concat_2    | 64 x 20                | NORMAL_WRITE      | /                 | SINGLE_PORT       | GTP_DRM9K         |
|--------------------------------------------|------------------------|-------------------|-------------------|-------------------|-------------------|

------------------------------------------------------------------------------------------------------------------------------------------------------------------------------------------------------------------------------------------------------------------------------------------------------------

