#Build: Fabric Compiler 2022.1, Build 99559, Jul 12 00:20 2022
#Install: D:\pango\PDS_2022.1\bin
#Application name: pds_shell.exe
#OS: Windows 10 10.0.19045
#Hostname: LING
Generated by Fabric Compiler (version 2022.1 build 99559) at Wed Nov 15 01:18:45 2023
Compiling verification operator library.
Compiling common defs.
Compiling prim grid devices.
Compiling gate devices.
Compiling gate operators.
Building architecture model.
Loading device packaging model.
Reading design from DB.
Start Generating Programming File...
Reading design from DB takes 2.812500 sec.
Generating architecture configuration.
The bitstream file is "D:/desktop/chuli/sum_1/daima/jichuang/generate_bitstream/top.sbit"
Generate programming file takes 22.625000 sec.
Generating Programming File done.
Action gen_bit_stream: Real time elapsed is 0h:0m:32s
Action gen_bit_stream: CPU time elapsed is 0h:0m:29s
Action gen_bit_stream: Process CPU time elapsed is 0h:0m:29s
Current time: Wed Nov 15 01:19:15 2023
Action gen_bit_stream: Peak memory pool usage is 761 MB
