#Build: Fabric Compiler 2022.1, Build 99559, Jul 12 00:20 2022
#Install: D:\pango\PDS_2022.1\bin
#Application name: pds_shell.exe
#OS: Windows 10 10.0.19045
#Hostname: LING
Generated by Fabric Compiler (version 2022.1 build 99559) at Tue Nov 14 13:50:12 2023
Compiling verification operator library.
Compiling common defs.
Compiling prim grid devices.
Compiling gate devices.
Compiling gate operators.
Building architecture model.
Loading device packaging model.
Reading design from DB.
Start Generating Programming File...
Reading design from DB takes 2.531250 sec.
Generating architecture configuration.
The bitstream file is "D:/desktop/chuli/sum_1/daima/jichuang/generate_bitstream/top.sbit"
Generate programming file takes 20.312500 sec.
Generating Programming File done.
Action gen_bit_stream: Real time elapsed is 0h:0m:27s
Action gen_bit_stream: CPU time elapsed is 0h:0m:26s
Action gen_bit_stream: Process CPU time elapsed is 0h:0m:26s
Current time: Tue Nov 14 13:50:37 2023
Action gen_bit_stream: Peak memory pool usage is 779 MB
