#Build: Fabric Compiler 2022.1, Build 99559, Jul 12 00:20 2022
#Install: D:\pango\PDS_2022.1\bin
#Application name: pds_shell.exe
#OS: Windows 10 10.0.19045
#Hostname: LING
Generated by Fabric Compiler (version 2022.1 build 99559) at Wed Nov 15 02:15:14 2023
Compiling verification operator library.
Compiling common defs.
Compiling prim grid devices.
Compiling gate devices.
Compiling gate operators.
Building architecture model.
Loading device packaging model.
Building architecture floorplan logic view.
Constraint check start.
Executing : def_port {cam2_sda} LOC=T10 VCCIO=3.3 IOSTANDARD=LVCMOS33 DRIVE=8 SLEW=FAST NONE=TRUE
Executing : def_port {cam2_sda} LOC=T10 VCCIO=3.3 IOSTANDARD=LVCMOS33 DRIVE=8 SLEW=FAST NONE=TRUE successfully
Executing : def_port {cam_sda} LOC=Y13 VCCIO=3.3 IOSTANDARD=LVCMOS33 DRIVE=8 SLEW=FAST NONE=TRUE
C: ConstraintEditor-2002: [D:/desktop/chuli/sum_1/daima/jichuang/device_map/top.pcf(line number: 4)] | Port cam_sda has been placed at location Y13, whose type is share pin.
Executing : def_port {cam_sda} LOC=Y13 VCCIO=3.3 IOSTANDARD=LVCMOS33 DRIVE=8 SLEW=FAST NONE=TRUE successfully
Executing : def_port {iic_sda} LOC=V20 VCCIO=3.3 IOSTANDARD=LVCMOS33 DRIVE=8 SLEW=FAST NONE=TRUE
C: ConstraintEditor-2002: [D:/desktop/chuli/sum_1/daima/jichuang/device_map/top.pcf(line number: 5)] | Port iic_sda has been placed at location V20, whose type is share pin.
Executing : def_port {iic_sda} LOC=V20 VCCIO=3.3 IOSTANDARD=LVCMOS33 DRIVE=8 SLEW=FAST NONE=TRUE successfully
Executing : def_port {iic_tx_sda} LOC=P18 VCCIO=3.3 IOSTANDARD=LVCMOS33 DRIVE=8 SLEW=FAST NONE=TRUE
Executing : def_port {iic_tx_sda} LOC=P18 VCCIO=3.3 IOSTANDARD=LVCMOS33 DRIVE=8 SLEW=FAST NONE=TRUE successfully
Executing : def_port {mem_dq[0]} LOC=U1 VCCIO=1.5 IOSTANDARD=HSTL15_I DRIVE=8 SLEW=FAST NONE=TRUE
Executing : def_port {mem_dq[0]} LOC=U1 VCCIO=1.5 IOSTANDARD=HSTL15_I DRIVE=8 SLEW=FAST NONE=TRUE successfully
Executing : def_port {mem_dq[1]} LOC=U3 VCCIO=1.5 IOSTANDARD=HSTL15_I DRIVE=8 SLEW=FAST NONE=TRUE
Executing : def_port {mem_dq[1]} LOC=U3 VCCIO=1.5 IOSTANDARD=HSTL15_I DRIVE=8 SLEW=FAST NONE=TRUE successfully
Executing : def_port {mem_dq[2]} LOC=T2 VCCIO=1.5 IOSTANDARD=HSTL15_I DRIVE=8 SLEW=FAST NONE=TRUE
Executing : def_port {mem_dq[2]} LOC=T2 VCCIO=1.5 IOSTANDARD=HSTL15_I DRIVE=8 SLEW=FAST NONE=TRUE successfully
Executing : def_port {mem_dq[3]} LOC=Y2 VCCIO=1.5 IOSTANDARD=HSTL15_I DRIVE=8 SLEW=FAST NONE=TRUE
Executing : def_port {mem_dq[3]} LOC=Y2 VCCIO=1.5 IOSTANDARD=HSTL15_I DRIVE=8 SLEW=FAST NONE=TRUE successfully
Executing : def_port {mem_dq[4]} LOC=T1 VCCIO=1.5 IOSTANDARD=HSTL15_I DRIVE=8 SLEW=FAST NONE=TRUE
Executing : def_port {mem_dq[4]} LOC=T1 VCCIO=1.5 IOSTANDARD=HSTL15_I DRIVE=8 SLEW=FAST NONE=TRUE successfully
Executing : def_port {mem_dq[5]} LOC=Y1 VCCIO=1.5 IOSTANDARD=HSTL15_I DRIVE=8 SLEW=FAST NONE=TRUE
Executing : def_port {mem_dq[5]} LOC=Y1 VCCIO=1.5 IOSTANDARD=HSTL15_I DRIVE=8 SLEW=FAST NONE=TRUE successfully
Executing : def_port {mem_dq[6]} LOC=M7 VCCIO=1.5 IOSTANDARD=HSTL15_I DRIVE=8 SLEW=FAST NONE=TRUE
Executing : def_port {mem_dq[6]} LOC=M7 VCCIO=1.5 IOSTANDARD=HSTL15_I DRIVE=8 SLEW=FAST NONE=TRUE successfully
Executing : def_port {mem_dq[7]} LOC=W1 VCCIO=1.5 IOSTANDARD=HSTL15_I DRIVE=8 SLEW=FAST NONE=TRUE
Executing : def_port {mem_dq[7]} LOC=W1 VCCIO=1.5 IOSTANDARD=HSTL15_I DRIVE=8 SLEW=FAST NONE=TRUE successfully
Executing : def_port {mem_dq[8]} LOC=P1 VCCIO=1.5 IOSTANDARD=HSTL15_I DRIVE=8 SLEW=FAST NONE=TRUE
Executing : def_port {mem_dq[8]} LOC=P1 VCCIO=1.5 IOSTANDARD=HSTL15_I DRIVE=8 SLEW=FAST NONE=TRUE successfully
Executing : def_port {mem_dq[9]} LOC=M2 VCCIO=1.5 IOSTANDARD=HSTL15_I DRIVE=8 SLEW=FAST NONE=TRUE
C: ConstraintEditor-2002: [D:/desktop/chuli/sum_1/daima/jichuang/device_map/top.pcf(line number: 16)] | Port mem_dq[9] has been placed at location M2, whose type is share pin.
Executing : def_port {mem_dq[9]} LOC=M2 VCCIO=1.5 IOSTANDARD=HSTL15_I DRIVE=8 SLEW=FAST NONE=TRUE successfully
Executing : def_port {mem_dq[10]} LOC=R1 VCCIO=1.5 IOSTANDARD=HSTL15_I DRIVE=8 SLEW=FAST NONE=TRUE
Executing : def_port {mem_dq[10]} LOC=R1 VCCIO=1.5 IOSTANDARD=HSTL15_I DRIVE=8 SLEW=FAST NONE=TRUE successfully
Executing : def_port {mem_dq[11]} LOC=M1 VCCIO=1.5 IOSTANDARD=HSTL15_I DRIVE=8 SLEW=FAST NONE=TRUE
C: ConstraintEditor-2002: [D:/desktop/chuli/sum_1/daima/jichuang/device_map/top.pcf(line number: 18)] | Port mem_dq[11] has been placed at location M1, whose type is share pin.
Executing : def_port {mem_dq[11]} LOC=M1 VCCIO=1.5 IOSTANDARD=HSTL15_I DRIVE=8 SLEW=FAST NONE=TRUE successfully
Executing : def_port {mem_dq[12]} LOC=P2 VCCIO=1.5 IOSTANDARD=HSTL15_I DRIVE=8 SLEW=FAST NONE=TRUE
Executing : def_port {mem_dq[12]} LOC=P2 VCCIO=1.5 IOSTANDARD=HSTL15_I DRIVE=8 SLEW=FAST NONE=TRUE successfully
Executing : def_port {mem_dq[13]} LOC=L3 VCCIO=1.5 IOSTANDARD=HSTL15_I DRIVE=8 SLEW=FAST NONE=TRUE
Executing : def_port {mem_dq[13]} LOC=L3 VCCIO=1.5 IOSTANDARD=HSTL15_I DRIVE=8 SLEW=FAST NONE=TRUE successfully
Executing : def_port {mem_dq[14]} LOC=P3 VCCIO=1.5 IOSTANDARD=HSTL15_I DRIVE=8 SLEW=FAST NONE=TRUE
C: ConstraintEditor-2002: [D:/desktop/chuli/sum_1/daima/jichuang/device_map/top.pcf(line number: 21)] | Port mem_dq[14] has been placed at location P3, whose type is share pin.
Executing : def_port {mem_dq[14]} LOC=P3 VCCIO=1.5 IOSTANDARD=HSTL15_I DRIVE=8 SLEW=FAST NONE=TRUE successfully
Executing : def_port {mem_dq[15]} LOC=N4 VCCIO=1.5 IOSTANDARD=HSTL15_I DRIVE=8 SLEW=FAST NONE=TRUE
Executing : def_port {mem_dq[15]} LOC=N4 VCCIO=1.5 IOSTANDARD=HSTL15_I DRIVE=8 SLEW=FAST NONE=TRUE successfully
Executing : def_port {mem_dq[16]} LOC=K4 VCCIO=1.5 IOSTANDARD=HSTL15_I DRIVE=8 SLEW=FAST NONE=TRUE
Executing : def_port {mem_dq[16]} LOC=K4 VCCIO=1.5 IOSTANDARD=HSTL15_I DRIVE=8 SLEW=FAST NONE=TRUE successfully
Executing : def_port {mem_dq[17]} LOC=K1 VCCIO=1.5 IOSTANDARD=HSTL15_I DRIVE=8 SLEW=FAST NONE=TRUE
Executing : def_port {mem_dq[17]} LOC=K1 VCCIO=1.5 IOSTANDARD=HSTL15_I DRIVE=8 SLEW=FAST NONE=TRUE successfully
Executing : def_port {mem_dq[18]} LOC=J3 VCCIO=1.5 IOSTANDARD=HSTL15_I DRIVE=8 SLEW=FAST NONE=TRUE
Executing : def_port {mem_dq[18]} LOC=J3 VCCIO=1.5 IOSTANDARD=HSTL15_I DRIVE=8 SLEW=FAST NONE=TRUE successfully
Executing : def_port {mem_dq[19]} LOC=L4 VCCIO=1.5 IOSTANDARD=HSTL15_I DRIVE=8 SLEW=FAST NONE=TRUE
Executing : def_port {mem_dq[19]} LOC=L4 VCCIO=1.5 IOSTANDARD=HSTL15_I DRIVE=8 SLEW=FAST NONE=TRUE successfully
Executing : def_port {mem_dq[20]} LOC=K3 VCCIO=1.5 IOSTANDARD=HSTL15_I DRIVE=8 SLEW=FAST NONE=TRUE
Executing : def_port {mem_dq[20]} LOC=K3 VCCIO=1.5 IOSTANDARD=HSTL15_I DRIVE=8 SLEW=FAST NONE=TRUE successfully
Executing : def_port {mem_dq[21]} LOC=M3 VCCIO=1.5 IOSTANDARD=HSTL15_I DRIVE=8 SLEW=FAST NONE=TRUE
Executing : def_port {mem_dq[21]} LOC=M3 VCCIO=1.5 IOSTANDARD=HSTL15_I DRIVE=8 SLEW=FAST NONE=TRUE successfully
Executing : def_port {mem_dq[22]} LOC=J1 VCCIO=1.5 IOSTANDARD=HSTL15_I DRIVE=8 SLEW=FAST NONE=TRUE
Executing : def_port {mem_dq[22]} LOC=J1 VCCIO=1.5 IOSTANDARD=HSTL15_I DRIVE=8 SLEW=FAST NONE=TRUE successfully
Executing : def_port {mem_dq[23]} LOC=M4 VCCIO=1.5 IOSTANDARD=HSTL15_I DRIVE=8 SLEW=FAST NONE=TRUE
Executing : def_port {mem_dq[23]} LOC=M4 VCCIO=1.5 IOSTANDARD=HSTL15_I DRIVE=8 SLEW=FAST NONE=TRUE successfully
Executing : def_port {mem_dq[24]} LOC=J6 VCCIO=1.5 IOSTANDARD=HSTL15_I DRIVE=8 SLEW=FAST NONE=TRUE
Executing : def_port {mem_dq[24]} LOC=J6 VCCIO=1.5 IOSTANDARD=HSTL15_I DRIVE=8 SLEW=FAST NONE=TRUE successfully
Executing : def_port {mem_dq[25]} LOC=F1 VCCIO=1.5 IOSTANDARD=HSTL15_I DRIVE=8 SLEW=FAST NONE=TRUE
Executing : def_port {mem_dq[25]} LOC=F1 VCCIO=1.5 IOSTANDARD=HSTL15_I DRIVE=8 SLEW=FAST NONE=TRUE successfully
Executing : def_port {mem_dq[26]} LOC=K7 VCCIO=1.5 IOSTANDARD=HSTL15_I DRIVE=8 SLEW=FAST NONE=TRUE
Executing : def_port {mem_dq[26]} LOC=K7 VCCIO=1.5 IOSTANDARD=HSTL15_I DRIVE=8 SLEW=FAST NONE=TRUE successfully
Executing : def_port {mem_dq[27]} LOC=F2 VCCIO=1.5 IOSTANDARD=HSTL15_I DRIVE=8 SLEW=FAST NONE=TRUE
Executing : def_port {mem_dq[27]} LOC=F2 VCCIO=1.5 IOSTANDARD=HSTL15_I DRIVE=8 SLEW=FAST NONE=TRUE successfully
Executing : def_port {mem_dq[28]} LOC=H5 VCCIO=1.5 IOSTANDARD=HSTL15_I DRIVE=8 SLEW=FAST NONE=TRUE
Executing : def_port {mem_dq[28]} LOC=H5 VCCIO=1.5 IOSTANDARD=HSTL15_I DRIVE=8 SLEW=FAST NONE=TRUE successfully
Executing : def_port {mem_dq[29]} LOC=H3 VCCIO=1.5 IOSTANDARD=HSTL15_I DRIVE=8 SLEW=FAST NONE=TRUE
Executing : def_port {mem_dq[29]} LOC=H3 VCCIO=1.5 IOSTANDARD=HSTL15_I DRIVE=8 SLEW=FAST NONE=TRUE successfully
Executing : def_port {mem_dq[30]} LOC=J4 VCCIO=1.5 IOSTANDARD=HSTL15_I DRIVE=8 SLEW=FAST NONE=TRUE
Executing : def_port {mem_dq[30]} LOC=J4 VCCIO=1.5 IOSTANDARD=HSTL15_I DRIVE=8 SLEW=FAST NONE=TRUE successfully
Executing : def_port {mem_dq[31]} LOC=G3 VCCIO=1.5 IOSTANDARD=HSTL15_I DRIVE=8 SLEW=FAST NONE=TRUE
Executing : def_port {mem_dq[31]} LOC=G3 VCCIO=1.5 IOSTANDARD=HSTL15_I DRIVE=8 SLEW=FAST NONE=TRUE successfully
Executing : def_port {mem_dqs[0]} LOC=V2 VCCIO=1.5 IOSTANDARD=HSTL15D_I DRIVE=8 SLEW=FAST NONE=TRUE
Executing : def_port {mem_dqs[0]} LOC=V2 VCCIO=1.5 IOSTANDARD=HSTL15D_I DRIVE=8 SLEW=FAST NONE=TRUE successfully
Executing : def_port {mem_dqs[1]} LOC=N3 VCCIO=1.5 IOSTANDARD=HSTL15D_I DRIVE=8 SLEW=FAST NONE=TRUE
Executing : def_port {mem_dqs[1]} LOC=N3 VCCIO=1.5 IOSTANDARD=HSTL15D_I DRIVE=8 SLEW=FAST NONE=TRUE successfully
Executing : def_port {mem_dqs[2]} LOC=M6 VCCIO=1.5 IOSTANDARD=HSTL15D_I DRIVE=8 SLEW=FAST NONE=TRUE
Executing : def_port {mem_dqs[2]} LOC=M6 VCCIO=1.5 IOSTANDARD=HSTL15D_I DRIVE=8 SLEW=FAST NONE=TRUE successfully
Executing : def_port {mem_dqs[3]} LOC=E3 VCCIO=1.5 IOSTANDARD=HSTL15D_I DRIVE=8 SLEW=FAST NONE=TRUE
Executing : def_port {mem_dqs[3]} LOC=E3 VCCIO=1.5 IOSTANDARD=HSTL15D_I DRIVE=8 SLEW=FAST NONE=TRUE successfully
Executing : def_port {mem_dqs_n[0]} LOC=V1 VCCIO=1.5 IOSTANDARD=HSTL15D_I DRIVE=8 SLEW=FAST NONE=TRUE
Executing : def_port {mem_dqs_n[0]} LOC=V1 VCCIO=1.5 IOSTANDARD=HSTL15D_I DRIVE=8 SLEW=FAST NONE=TRUE successfully
Executing : def_port {mem_dqs_n[1]} LOC=N1 VCCIO=1.5 IOSTANDARD=HSTL15D_I DRIVE=8 SLEW=FAST NONE=TRUE
Executing : def_port {mem_dqs_n[1]} LOC=N1 VCCIO=1.5 IOSTANDARD=HSTL15D_I DRIVE=8 SLEW=FAST NONE=TRUE successfully
Executing : def_port {mem_dqs_n[2]} LOC=L6 VCCIO=1.5 IOSTANDARD=HSTL15D_I DRIVE=8 SLEW=FAST NONE=TRUE
Executing : def_port {mem_dqs_n[2]} LOC=L6 VCCIO=1.5 IOSTANDARD=HSTL15D_I DRIVE=8 SLEW=FAST NONE=TRUE successfully
Executing : def_port {mem_dqs_n[3]} LOC=E1 VCCIO=1.5 IOSTANDARD=HSTL15D_I DRIVE=8 SLEW=FAST NONE=TRUE
Executing : def_port {mem_dqs_n[3]} LOC=E1 VCCIO=1.5 IOSTANDARD=HSTL15D_I DRIVE=8 SLEW=FAST NONE=TRUE successfully
Executing : def_port {b_out[0]} LOC=V21 VCCIO=3.3 IOSTANDARD=LVCMOS33 DRIVE=8 SLEW=FAST NONE=TRUE
Executing : def_port {b_out[0]} LOC=V21 VCCIO=3.3 IOSTANDARD=LVCMOS33 DRIVE=8 SLEW=FAST NONE=TRUE successfully
Executing : def_port {b_out[1]} LOC=V22 VCCIO=3.3 IOSTANDARD=LVCMOS33 DRIVE=8 SLEW=FAST NONE=TRUE
Executing : def_port {b_out[1]} LOC=V22 VCCIO=3.3 IOSTANDARD=LVCMOS33 DRIVE=8 SLEW=FAST NONE=TRUE successfully
Executing : def_port {b_out[2]} LOC=T21 VCCIO=3.3 IOSTANDARD=LVCMOS33 DRIVE=8 SLEW=FAST NONE=TRUE
C: ConstraintEditor-2002: [D:/desktop/chuli/sum_1/daima/jichuang/device_map/top.pcf(line number: 49)] | Port b_out[2] has been placed at location T21, whose type is share pin.
Executing : def_port {b_out[2]} LOC=T21 VCCIO=3.3 IOSTANDARD=LVCMOS33 DRIVE=8 SLEW=FAST NONE=TRUE successfully
Executing : def_port {b_out[3]} LOC=T22 VCCIO=3.3 IOSTANDARD=LVCMOS33 DRIVE=8 SLEW=FAST NONE=TRUE
Executing : def_port {b_out[3]} LOC=T22 VCCIO=3.3 IOSTANDARD=LVCMOS33 DRIVE=8 SLEW=FAST NONE=TRUE successfully
Executing : def_port {b_out[4]} LOC=R20 VCCIO=3.3 IOSTANDARD=LVCMOS33 DRIVE=8 SLEW=FAST NONE=TRUE
C: ConstraintEditor-2002: [D:/desktop/chuli/sum_1/daima/jichuang/device_map/top.pcf(line number: 51)] | Port b_out[4] has been placed at location R20, whose type is share pin.
Executing : def_port {b_out[4]} LOC=R20 VCCIO=3.3 IOSTANDARD=LVCMOS33 DRIVE=8 SLEW=FAST NONE=TRUE successfully
Executing : def_port {b_out[5]} LOC=R22 VCCIO=3.3 IOSTANDARD=LVCMOS33 DRIVE=8 SLEW=FAST NONE=TRUE
C: ConstraintEditor-2002: [D:/desktop/chuli/sum_1/daima/jichuang/device_map/top.pcf(line number: 52)] | Port b_out[5] has been placed at location R22, whose type is share pin.
Executing : def_port {b_out[5]} LOC=R22 VCCIO=3.3 IOSTANDARD=LVCMOS33 DRIVE=8 SLEW=FAST NONE=TRUE successfully
Executing : def_port {b_out[6]} LOC=R19 VCCIO=3.3 IOSTANDARD=LVCMOS33 DRIVE=8 SLEW=FAST NONE=TRUE
Executing : def_port {b_out[6]} LOC=R19 VCCIO=3.3 IOSTANDARD=LVCMOS33 DRIVE=8 SLEW=FAST NONE=TRUE successfully
Executing : def_port {b_out[7]} LOC=P19 VCCIO=3.3 IOSTANDARD=LVCMOS33 DRIVE=8 SLEW=FAST NONE=TRUE
Executing : def_port {b_out[7]} LOC=P19 VCCIO=3.3 IOSTANDARD=LVCMOS33 DRIVE=8 SLEW=FAST NONE=TRUE successfully
Executing : def_port {cam2_rst_n} LOC=AB4 VCCIO=3.3 IOSTANDARD=LVCMOS33 DRIVE=8 SLEW=FAST NONE=TRUE
Executing : def_port {cam2_rst_n} LOC=AB4 VCCIO=3.3 IOSTANDARD=LVCMOS33 DRIVE=8 SLEW=FAST NONE=TRUE successfully
Executing : def_port {cam2_scl} LOC=V9 VCCIO=3.3 IOSTANDARD=LVCMOS33 DRIVE=8 SLEW=FAST NONE=TRUE
Executing : def_port {cam2_scl} LOC=V9 VCCIO=3.3 IOSTANDARD=LVCMOS33 DRIVE=8 SLEW=FAST NONE=TRUE successfully
Executing : def_port {cam_rst_n} LOC=W10 VCCIO=3.3 IOSTANDARD=LVCMOS33 DRIVE=8 SLEW=FAST NONE=TRUE
Executing : def_port {cam_rst_n} LOC=W10 VCCIO=3.3 IOSTANDARD=LVCMOS33 DRIVE=8 SLEW=FAST NONE=TRUE successfully
Executing : def_port {cam_scl} LOC=Y11 VCCIO=3.3 IOSTANDARD=LVCMOS33 DRIVE=8 SLEW=FAST NONE=TRUE
Executing : def_port {cam_scl} LOC=Y11 VCCIO=3.3 IOSTANDARD=LVCMOS33 DRIVE=8 SLEW=FAST NONE=TRUE successfully
Executing : def_port {de_out} LOC=Y22 VCCIO=3.3 IOSTANDARD=LVCMOS33 DRIVE=8 SLEW=FAST NONE=TRUE
Executing : def_port {de_out} LOC=Y22 VCCIO=3.3 IOSTANDARD=LVCMOS33 DRIVE=8 SLEW=FAST NONE=TRUE successfully
Executing : def_port {eth_rst_n} LOC=B20 VCCIO=3.3 IOSTANDARD=LVCMOS33 DRIVE=8 SLEW=FAST NONE=TRUE
C: ConstraintEditor-2002: [D:/desktop/chuli/sum_1/daima/jichuang/device_map/top.pcf(line number: 60)] | Port eth_rst_n has been placed at location B20, whose type is share pin.
Executing : def_port {eth_rst_n} LOC=B20 VCCIO=3.3 IOSTANDARD=LVCMOS33 DRIVE=8 SLEW=FAST NONE=TRUE successfully
Executing : def_port {eth_tx_ctl} LOC=B18 VCCIO=3.3 IOSTANDARD=LVCMOS33 DRIVE=8 SLEW=FAST NONE=TRUE
C: ConstraintEditor-2002: [D:/desktop/chuli/sum_1/daima/jichuang/device_map/top.pcf(line number: 61)] | Port eth_tx_ctl has been placed at location B18, whose type is share pin.
Executing : def_port {eth_tx_ctl} LOC=B18 VCCIO=3.3 IOSTANDARD=LVCMOS33 DRIVE=8 SLEW=FAST NONE=TRUE successfully
Executing : def_port {eth_txc} LOC=G16 VCCIO=3.3 IOSTANDARD=LVCMOS33 DRIVE=8 SLEW=FAST NONE=TRUE
Executing : def_port {eth_txc} LOC=G16 VCCIO=3.3 IOSTANDARD=LVCMOS33 DRIVE=8 SLEW=FAST NONE=TRUE successfully
Executing : def_port {eth_txd[0]} LOC=F17 VCCIO=3.3 IOSTANDARD=LVCMOS33 DRIVE=8 SLEW=FAST NONE=TRUE
Executing : def_port {eth_txd[0]} LOC=F17 VCCIO=3.3 IOSTANDARD=LVCMOS33 DRIVE=8 SLEW=FAST NONE=TRUE successfully
Executing : def_port {eth_txd[1]} LOC=D17 VCCIO=3.3 IOSTANDARD=LVCMOS33 DRIVE=8 SLEW=FAST NONE=TRUE
C: ConstraintEditor-2002: [D:/desktop/chuli/sum_1/daima/jichuang/device_map/top.pcf(line number: 64)] | Port eth_txd[1] has been placed at location D17, whose type is share pin.
Executing : def_port {eth_txd[1]} LOC=D17 VCCIO=3.3 IOSTANDARD=LVCMOS33 DRIVE=8 SLEW=FAST NONE=TRUE successfully
Executing : def_port {eth_txd[2]} LOC=C18 VCCIO=3.3 IOSTANDARD=LVCMOS33 DRIVE=8 SLEW=FAST NONE=TRUE
C: ConstraintEditor-2002: [D:/desktop/chuli/sum_1/daima/jichuang/device_map/top.pcf(line number: 65)] | Port eth_txd[2] has been placed at location C18, whose type is share pin.
Executing : def_port {eth_txd[2]} LOC=C18 VCCIO=3.3 IOSTANDARD=LVCMOS33 DRIVE=8 SLEW=FAST NONE=TRUE successfully
Executing : def_port {eth_txd[3]} LOC=A18 VCCIO=3.3 IOSTANDARD=LVCMOS33 DRIVE=8 SLEW=FAST NONE=TRUE
C: ConstraintEditor-2002: [D:/desktop/chuli/sum_1/daima/jichuang/device_map/top.pcf(line number: 66)] | Port eth_txd[3] has been placed at location A18, whose type is share pin.
Executing : def_port {eth_txd[3]} LOC=A18 VCCIO=3.3 IOSTANDARD=LVCMOS33 DRIVE=8 SLEW=FAST NONE=TRUE successfully
Executing : def_port {g_out[0]} LOC=M21 VCCIO=3.3 IOSTANDARD=LVCMOS33 DRIVE=8 SLEW=FAST NONE=TRUE
C: ConstraintEditor-2002: [D:/desktop/chuli/sum_1/daima/jichuang/device_map/top.pcf(line number: 67)] | Port g_out[0] has been placed at location M21, whose type is share pin.
Executing : def_port {g_out[0]} LOC=M21 VCCIO=3.3 IOSTANDARD=LVCMOS33 DRIVE=8 SLEW=FAST NONE=TRUE successfully
Executing : def_port {g_out[1]} LOC=M17 VCCIO=3.3 IOSTANDARD=LVCMOS33 DRIVE=8 SLEW=FAST NONE=TRUE
Executing : def_port {g_out[1]} LOC=M17 VCCIO=3.3 IOSTANDARD=LVCMOS33 DRIVE=8 SLEW=FAST NONE=TRUE successfully
Executing : def_port {g_out[2]} LOC=M18 VCCIO=3.3 IOSTANDARD=LVCMOS33 DRIVE=8 SLEW=FAST NONE=TRUE
Executing : def_port {g_out[2]} LOC=M18 VCCIO=3.3 IOSTANDARD=LVCMOS33 DRIVE=8 SLEW=FAST NONE=TRUE successfully
Executing : def_port {g_out[3]} LOC=M16 VCCIO=3.3 IOSTANDARD=LVCMOS33 DRIVE=8 SLEW=FAST NONE=TRUE
Executing : def_port {g_out[3]} LOC=M16 VCCIO=3.3 IOSTANDARD=LVCMOS33 DRIVE=8 SLEW=FAST NONE=TRUE successfully
Executing : def_port {g_out[4]} LOC=N15 VCCIO=3.3 IOSTANDARD=LVCMOS33 DRIVE=8 SLEW=FAST NONE=TRUE
Executing : def_port {g_out[4]} LOC=N15 VCCIO=3.3 IOSTANDARD=LVCMOS33 DRIVE=8 SLEW=FAST NONE=TRUE successfully
Executing : def_port {g_out[5]} LOC=L19 VCCIO=3.3 IOSTANDARD=LVCMOS33 DRIVE=8 SLEW=FAST NONE=TRUE
C: ConstraintEditor-2002: [D:/desktop/chuli/sum_1/daima/jichuang/device_map/top.pcf(line number: 72)] | Port g_out[5] has been placed at location L19, whose type is share pin.
Executing : def_port {g_out[5]} LOC=L19 VCCIO=3.3 IOSTANDARD=LVCMOS33 DRIVE=8 SLEW=FAST NONE=TRUE successfully
Executing : def_port {g_out[6]} LOC=K20 VCCIO=3.3 IOSTANDARD=LVCMOS33 DRIVE=8 SLEW=FAST NONE=TRUE
C: ConstraintEditor-2002: [D:/desktop/chuli/sum_1/daima/jichuang/device_map/top.pcf(line number: 73)] | Port g_out[6] has been placed at location K20, whose type is share pin.
Executing : def_port {g_out[6]} LOC=K20 VCCIO=3.3 IOSTANDARD=LVCMOS33 DRIVE=8 SLEW=FAST NONE=TRUE successfully
Executing : def_port {g_out[7]} LOC=L17 VCCIO=3.3 IOSTANDARD=LVCMOS33 DRIVE=8 SLEW=FAST NONE=TRUE
C: ConstraintEditor-2002: [D:/desktop/chuli/sum_1/daima/jichuang/device_map/top.pcf(line number: 74)] | Port g_out[7] has been placed at location L17, whose type is share pin.
Executing : def_port {g_out[7]} LOC=L17 VCCIO=3.3 IOSTANDARD=LVCMOS33 DRIVE=8 SLEW=FAST NONE=TRUE successfully
Executing : def_port {hs_out} LOC=Y21 VCCIO=3.3 IOSTANDARD=LVCMOS33 DRIVE=8 SLEW=FAST NONE=TRUE
Executing : def_port {hs_out} LOC=Y21 VCCIO=3.3 IOSTANDARD=LVCMOS33 DRIVE=8 SLEW=FAST NONE=TRUE successfully
Executing : def_port {iic_scl} LOC=V19 VCCIO=3.3 IOSTANDARD=LVCMOS33 DRIVE=8 SLEW=FAST NONE=TRUE
C: ConstraintEditor-2002: [D:/desktop/chuli/sum_1/daima/jichuang/device_map/top.pcf(line number: 76)] | Port iic_scl has been placed at location V19, whose type is share pin.
Executing : def_port {iic_scl} LOC=V19 VCCIO=3.3 IOSTANDARD=LVCMOS33 DRIVE=8 SLEW=FAST NONE=TRUE successfully
Executing : def_port {iic_tx_scl} LOC=P17 VCCIO=3.3 IOSTANDARD=LVCMOS33 DRIVE=8 SLEW=FAST NONE=TRUE
Executing : def_port {iic_tx_scl} LOC=P17 VCCIO=3.3 IOSTANDARD=LVCMOS33 DRIVE=8 SLEW=FAST NONE=TRUE successfully
Executing : def_port {led_int} LOC=B2 VCCIO=3.3 IOSTANDARD=LVCMOS33 DRIVE=8 SLEW=FAST NONE=TRUE
Executing : def_port {led_int} LOC=B2 VCCIO=3.3 IOSTANDARD=LVCMOS33 DRIVE=8 SLEW=FAST NONE=TRUE successfully
Executing : def_port {mem_a[0]} LOC=N6 VCCIO=1.5 IOSTANDARD=HSTL15_I DRIVE=8 SLEW=FAST UNUSED=TRUE
Executing : def_port {mem_a[0]} LOC=N6 VCCIO=1.5 IOSTANDARD=HSTL15_I DRIVE=8 SLEW=FAST UNUSED=TRUE successfully
Executing : def_port {mem_a[1]} LOC=R4 VCCIO=1.5 IOSTANDARD=HSTL15_I DRIVE=8 SLEW=FAST UNUSED=TRUE
Executing : def_port {mem_a[1]} LOC=R4 VCCIO=1.5 IOSTANDARD=HSTL15_I DRIVE=8 SLEW=FAST UNUSED=TRUE successfully
Executing : def_port {mem_a[2]} LOC=P6 VCCIO=1.5 IOSTANDARD=HSTL15_I DRIVE=8 SLEW=FAST UNUSED=TRUE
Executing : def_port {mem_a[2]} LOC=P6 VCCIO=1.5 IOSTANDARD=HSTL15_I DRIVE=8 SLEW=FAST UNUSED=TRUE successfully
Executing : def_port {mem_a[3]} LOC=F3 VCCIO=1.5 IOSTANDARD=HSTL15_I DRIVE=8 SLEW=FAST UNUSED=TRUE
Executing : def_port {mem_a[3]} LOC=F3 VCCIO=1.5 IOSTANDARD=HSTL15_I DRIVE=8 SLEW=FAST UNUSED=TRUE successfully
Executing : def_port {mem_a[4]} LOC=V5 VCCIO=1.5 IOSTANDARD=HSTL15_I DRIVE=8 SLEW=FAST UNUSED=TRUE
Executing : def_port {mem_a[4]} LOC=V5 VCCIO=1.5 IOSTANDARD=HSTL15_I DRIVE=8 SLEW=FAST UNUSED=TRUE successfully
Executing : def_port {mem_a[5]} LOC=E4 VCCIO=1.5 IOSTANDARD=HSTL15_I DRIVE=8 SLEW=FAST UNUSED=TRUE
Executing : def_port {mem_a[5]} LOC=E4 VCCIO=1.5 IOSTANDARD=HSTL15_I DRIVE=8 SLEW=FAST UNUSED=TRUE successfully
Executing : def_port {mem_a[6]} LOC=V3 VCCIO=1.5 IOSTANDARD=HSTL15_I DRIVE=8 SLEW=FAST UNUSED=TRUE
Executing : def_port {mem_a[6]} LOC=V3 VCCIO=1.5 IOSTANDARD=HSTL15_I DRIVE=8 SLEW=FAST UNUSED=TRUE successfully
Executing : def_port {mem_a[7]} LOC=D2 VCCIO=1.5 IOSTANDARD=HSTL15_I DRIVE=8 SLEW=FAST UNUSED=TRUE
Executing : def_port {mem_a[7]} LOC=D2 VCCIO=1.5 IOSTANDARD=HSTL15_I DRIVE=8 SLEW=FAST UNUSED=TRUE successfully
Executing : def_port {mem_a[8]} LOC=U4 VCCIO=1.5 IOSTANDARD=HSTL15_I DRIVE=8 SLEW=FAST UNUSED=TRUE
Executing : def_port {mem_a[8]} LOC=U4 VCCIO=1.5 IOSTANDARD=HSTL15_I DRIVE=8 SLEW=FAST UNUSED=TRUE successfully
Executing : def_port {mem_a[9]} LOC=P5 VCCIO=1.5 IOSTANDARD=HSTL15_I DRIVE=8 SLEW=FAST UNUSED=TRUE
Executing : def_port {mem_a[9]} LOC=P5 VCCIO=1.5 IOSTANDARD=HSTL15_I DRIVE=8 SLEW=FAST UNUSED=TRUE successfully
Executing : def_port {mem_a[10]} LOC=P8 VCCIO=1.5 IOSTANDARD=HSTL15_I DRIVE=8 SLEW=FAST UNUSED=TRUE
Executing : def_port {mem_a[10]} LOC=P8 VCCIO=1.5 IOSTANDARD=HSTL15_I DRIVE=8 SLEW=FAST UNUSED=TRUE successfully
Executing : def_port {mem_a[11]} LOC=T4 VCCIO=1.5 IOSTANDARD=HSTL15_I DRIVE=8 SLEW=FAST UNUSED=TRUE
Executing : def_port {mem_a[11]} LOC=T4 VCCIO=1.5 IOSTANDARD=HSTL15_I DRIVE=8 SLEW=FAST UNUSED=TRUE successfully
Executing : def_port {mem_a[12]} LOC=P7 VCCIO=1.5 IOSTANDARD=HSTL15_I DRIVE=8 SLEW=FAST UNUSED=TRUE
Executing : def_port {mem_a[12]} LOC=P7 VCCIO=1.5 IOSTANDARD=HSTL15_I DRIVE=8 SLEW=FAST UNUSED=TRUE successfully
Executing : def_port {mem_a[13]} LOC=P4 VCCIO=1.5 IOSTANDARD=HSTL15_I DRIVE=8 SLEW=FAST UNUSED=TRUE
Executing : def_port {mem_a[13]} LOC=P4 VCCIO=1.5 IOSTANDARD=HSTL15_I DRIVE=8 SLEW=FAST UNUSED=TRUE successfully
Executing : def_port {mem_a[14]} LOC=T3 VCCIO=1.5 IOSTANDARD=HSTL15_I DRIVE=8 SLEW=FAST UNUSED=TRUE
Executing : def_port {mem_a[14]} LOC=T3 VCCIO=1.5 IOSTANDARD=HSTL15_I DRIVE=8 SLEW=FAST UNUSED=TRUE successfully
Executing : def_port {mem_ba[0]} LOC=F5 VCCIO=1.5 IOSTANDARD=HSTL15_I DRIVE=8 SLEW=FAST UNUSED=TRUE
Executing : def_port {mem_ba[0]} LOC=F5 VCCIO=1.5 IOSTANDARD=HSTL15_I DRIVE=8 SLEW=FAST UNUSED=TRUE successfully
Executing : def_port {mem_ba[1]} LOC=W4 VCCIO=1.5 IOSTANDARD=HSTL15_I DRIVE=8 SLEW=FAST UNUSED=TRUE
Executing : def_port {mem_ba[1]} LOC=W4 VCCIO=1.5 IOSTANDARD=HSTL15_I DRIVE=8 SLEW=FAST UNUSED=TRUE successfully
Executing : def_port {mem_ba[2]} LOC=N7 VCCIO=1.5 IOSTANDARD=HSTL15_I DRIVE=8 SLEW=FAST UNUSED=TRUE
Executing : def_port {mem_ba[2]} LOC=N7 VCCIO=1.5 IOSTANDARD=HSTL15_I DRIVE=8 SLEW=FAST UNUSED=TRUE successfully
Executing : def_port {mem_cas_n} LOC=H8 VCCIO=1.5 IOSTANDARD=HSTL15_I DRIVE=8 SLEW=FAST NONE=TRUE
Executing : def_port {mem_cas_n} LOC=H8 VCCIO=1.5 IOSTANDARD=HSTL15_I DRIVE=8 SLEW=FAST NONE=TRUE successfully
Executing : def_port {mem_ck} LOC=T6 VCCIO=1.5 IOSTANDARD=HSTL15D_I DRIVE=8 SLEW=FAST NONE=TRUE
Executing : def_port {mem_ck} LOC=T6 VCCIO=1.5 IOSTANDARD=HSTL15D_I DRIVE=8 SLEW=FAST NONE=TRUE successfully
Executing : def_port {mem_ck_n} LOC=T5 VCCIO=1.5 IOSTANDARD=HSTL15D_I DRIVE=8 SLEW=FAST NONE=TRUE
Executing : def_port {mem_ck_n} LOC=T5 VCCIO=1.5 IOSTANDARD=HSTL15D_I DRIVE=8 SLEW=FAST NONE=TRUE successfully
Executing : def_port {mem_cke} LOC=Y3 VCCIO=1.5 IOSTANDARD=HSTL15_I DRIVE=8 SLEW=FAST NONE=TRUE
Executing : def_port {mem_cke} LOC=Y3 VCCIO=1.5 IOSTANDARD=HSTL15_I DRIVE=8 SLEW=FAST NONE=TRUE successfully
Executing : def_port {mem_cs_n} LOC=G6 VCCIO=1.5 IOSTANDARD=HSTL15_I DRIVE=8 SLEW=FAST NONE=TRUE
Executing : def_port {mem_cs_n} LOC=G6 VCCIO=1.5 IOSTANDARD=HSTL15_I DRIVE=8 SLEW=FAST NONE=TRUE successfully
Executing : def_port {mem_dm[0]} LOC=W3 VCCIO=1.5 IOSTANDARD=HSTL15_I DRIVE=8 SLEW=FAST NONE=TRUE
Executing : def_port {mem_dm[0]} LOC=W3 VCCIO=1.5 IOSTANDARD=HSTL15_I DRIVE=8 SLEW=FAST NONE=TRUE successfully
Executing : def_port {mem_dm[1]} LOC=L1 VCCIO=1.5 IOSTANDARD=HSTL15_I DRIVE=8 SLEW=FAST NONE=TRUE
Executing : def_port {mem_dm[1]} LOC=L1 VCCIO=1.5 IOSTANDARD=HSTL15_I DRIVE=8 SLEW=FAST NONE=TRUE successfully
Executing : def_port {mem_dm[2]} LOC=K2 VCCIO=1.5 IOSTANDARD=HSTL15_I DRIVE=8 SLEW=FAST NONE=TRUE
Executing : def_port {mem_dm[2]} LOC=K2 VCCIO=1.5 IOSTANDARD=HSTL15_I DRIVE=8 SLEW=FAST NONE=TRUE successfully
Executing : def_port {mem_dm[3]} LOC=G1 VCCIO=1.5 IOSTANDARD=HSTL15_I DRIVE=8 SLEW=FAST NONE=TRUE
Executing : def_port {mem_dm[3]} LOC=G1 VCCIO=1.5 IOSTANDARD=HSTL15_I DRIVE=8 SLEW=FAST NONE=TRUE successfully
Executing : def_port {mem_odt} LOC=G7 VCCIO=1.5 IOSTANDARD=HSTL15_I DRIVE=8 SLEW=FAST NONE=TRUE
Executing : def_port {mem_odt} LOC=G7 VCCIO=1.5 IOSTANDARD=HSTL15_I DRIVE=8 SLEW=FAST NONE=TRUE successfully
Executing : def_port {mem_ras_n} LOC=J7 VCCIO=1.5 IOSTANDARD=HSTL15_I DRIVE=8 SLEW=FAST NONE=TRUE
Executing : def_port {mem_ras_n} LOC=J7 VCCIO=1.5 IOSTANDARD=HSTL15_I DRIVE=8 SLEW=FAST NONE=TRUE successfully
Executing : def_port {mem_rst_n} LOC=C1 VCCIO=1.5 IOSTANDARD=HSTL15_I DRIVE=8 SLEW=FAST NONE=TRUE
Executing : def_port {mem_rst_n} LOC=C1 VCCIO=1.5 IOSTANDARD=HSTL15_I DRIVE=8 SLEW=FAST NONE=TRUE successfully
Executing : def_port {mem_we_n} LOC=H6 VCCIO=1.5 IOSTANDARD=HSTL15_I DRIVE=8 SLEW=FAST NONE=TRUE
Executing : def_port {mem_we_n} LOC=H6 VCCIO=1.5 IOSTANDARD=HSTL15_I DRIVE=8 SLEW=FAST NONE=TRUE successfully
Executing : def_port {pix_clk} LOC=M22 VCCIO=3.3 IOSTANDARD=LVCMOS33 DRIVE=8 SLEW=FAST NONE=TRUE
C: ConstraintEditor-2002: [D:/desktop/chuli/sum_1/daima/jichuang/device_map/top.pcf(line number: 110)] | Port pix_clk has been placed at location M22, whose type is share pin.
Executing : def_port {pix_clk} LOC=M22 VCCIO=3.3 IOSTANDARD=LVCMOS33 DRIVE=8 SLEW=FAST NONE=TRUE successfully
Executing : def_port {r_out[0]} LOC=K17 VCCIO=3.3 IOSTANDARD=LVCMOS33 DRIVE=8 SLEW=FAST NONE=TRUE
C: ConstraintEditor-2002: [D:/desktop/chuli/sum_1/daima/jichuang/device_map/top.pcf(line number: 111)] | Port r_out[0] has been placed at location K17, whose type is share pin.
Executing : def_port {r_out[0]} LOC=K17 VCCIO=3.3 IOSTANDARD=LVCMOS33 DRIVE=8 SLEW=FAST NONE=TRUE successfully
Executing : def_port {r_out[1]} LOC=N19 VCCIO=3.3 IOSTANDARD=LVCMOS33 DRIVE=8 SLEW=FAST NONE=TRUE
Executing : def_port {r_out[1]} LOC=N19 VCCIO=3.3 IOSTANDARD=LVCMOS33 DRIVE=8 SLEW=FAST NONE=TRUE successfully
Executing : def_port {r_out[2]} LOC=J22 VCCIO=3.3 IOSTANDARD=LVCMOS33 DRIVE=8 SLEW=FAST NONE=TRUE
Executing : def_port {r_out[2]} LOC=J22 VCCIO=3.3 IOSTANDARD=LVCMOS33 DRIVE=8 SLEW=FAST NONE=TRUE successfully
Executing : def_port {r_out[3]} LOC=J20 VCCIO=3.3 IOSTANDARD=LVCMOS33 DRIVE=8 SLEW=FAST NONE=TRUE
Executing : def_port {r_out[3]} LOC=J20 VCCIO=3.3 IOSTANDARD=LVCMOS33 DRIVE=8 SLEW=FAST NONE=TRUE successfully
Executing : def_port {r_out[4]} LOC=K22 VCCIO=3.3 IOSTANDARD=LVCMOS33 DRIVE=8 SLEW=FAST NONE=TRUE
Executing : def_port {r_out[4]} LOC=K22 VCCIO=3.3 IOSTANDARD=LVCMOS33 DRIVE=8 SLEW=FAST NONE=TRUE successfully
Executing : def_port {r_out[5]} LOC=H21 VCCIO=3.3 IOSTANDARD=LVCMOS33 DRIVE=8 SLEW=FAST NONE=TRUE
C: ConstraintEditor-2002: [D:/desktop/chuli/sum_1/daima/jichuang/device_map/top.pcf(line number: 116)] | Port r_out[5] has been placed at location H21, whose type is share pin.
Executing : def_port {r_out[5]} LOC=H21 VCCIO=3.3 IOSTANDARD=LVCMOS33 DRIVE=8 SLEW=FAST NONE=TRUE successfully
Executing : def_port {r_out[6]} LOC=H22 VCCIO=3.3 IOSTANDARD=LVCMOS33 DRIVE=8 SLEW=FAST NONE=TRUE
C: ConstraintEditor-2002: [D:/desktop/chuli/sum_1/daima/jichuang/device_map/top.pcf(line number: 117)] | Port r_out[6] has been placed at location H22, whose type is share pin.
Executing : def_port {r_out[6]} LOC=H22 VCCIO=3.3 IOSTANDARD=LVCMOS33 DRIVE=8 SLEW=FAST NONE=TRUE successfully
Executing : def_port {r_out[7]} LOC=H19 VCCIO=3.3 IOSTANDARD=LVCMOS33 DRIVE=8 SLEW=FAST NONE=TRUE
C: ConstraintEditor-2002: [D:/desktop/chuli/sum_1/daima/jichuang/device_map/top.pcf(line number: 118)] | Port r_out[7] has been placed at location H19, whose type is share pin.
Executing : def_port {r_out[7]} LOC=H19 VCCIO=3.3 IOSTANDARD=LVCMOS33 DRIVE=8 SLEW=FAST NONE=TRUE successfully
Executing : def_port {rstn_out} LOC=R17 VCCIO=3.3 IOSTANDARD=LVCMOS33 DRIVE=8 SLEW=FAST NONE=TRUE
Executing : def_port {rstn_out} LOC=R17 VCCIO=3.3 IOSTANDARD=LVCMOS33 DRIVE=8 SLEW=FAST NONE=TRUE successfully
Executing : def_port {vs_out} LOC=W20 VCCIO=3.3 IOSTANDARD=LVCMOS33 DRIVE=8 SLEW=FAST NONE=TRUE
Executing : def_port {vs_out} LOC=W20 VCCIO=3.3 IOSTANDARD=LVCMOS33 DRIVE=8 SLEW=FAST NONE=TRUE successfully
Executing : def_port {b_in[0]} LOC=U14 VCCIO=3.3 IOSTANDARD=LVCMOS33 NONE=TRUE
Executing : def_port {b_in[0]} LOC=U14 VCCIO=3.3 IOSTANDARD=LVCMOS33 NONE=TRUE successfully
Executing : def_port {b_in[1]} LOC=U15 VCCIO=3.3 IOSTANDARD=LVCMOS33 NONE=TRUE
Executing : def_port {b_in[1]} LOC=U15 VCCIO=3.3 IOSTANDARD=LVCMOS33 NONE=TRUE successfully
Executing : def_port {b_in[2]} LOC=T15 VCCIO=3.3 IOSTANDARD=LVCMOS33 NONE=TRUE
Executing : def_port {b_in[2]} LOC=T15 VCCIO=3.3 IOSTANDARD=LVCMOS33 NONE=TRUE successfully
Executing : def_port {b_in[3]} LOC=W15 VCCIO=3.3 IOSTANDARD=LVCMOS33 NONE=TRUE
Executing : def_port {b_in[3]} LOC=W15 VCCIO=3.3 IOSTANDARD=LVCMOS33 NONE=TRUE successfully
Executing : def_port {b_in[4]} LOC=Y16 VCCIO=3.3 IOSTANDARD=LVCMOS33 NONE=TRUE
Executing : def_port {b_in[4]} LOC=Y16 VCCIO=3.3 IOSTANDARD=LVCMOS33 NONE=TRUE successfully
Executing : def_port {b_in[5]} LOC=AB16 VCCIO=3.3 IOSTANDARD=LVCMOS33 NONE=TRUE
Executing : def_port {b_in[5]} LOC=AB16 VCCIO=3.3 IOSTANDARD=LVCMOS33 NONE=TRUE successfully
Executing : def_port {b_in[6]} LOC=AA16 VCCIO=3.3 IOSTANDARD=LVCMOS33 NONE=TRUE
Executing : def_port {b_in[6]} LOC=AA16 VCCIO=3.3 IOSTANDARD=LVCMOS33 NONE=TRUE successfully
Executing : def_port {b_in[7]} LOC=AB17 VCCIO=3.3 IOSTANDARD=LVCMOS33 NONE=TRUE
Executing : def_port {b_in[7]} LOC=AB17 VCCIO=3.3 IOSTANDARD=LVCMOS33 NONE=TRUE successfully
Executing : def_port {cam2_data[0]} LOC=Y6 VCCIO=3.3 IOSTANDARD=LVCMOS33 NONE=TRUE
Executing : def_port {cam2_data[0]} LOC=Y6 VCCIO=3.3 IOSTANDARD=LVCMOS33 NONE=TRUE successfully
Executing : def_port {cam2_data[1]} LOC=U8 VCCIO=3.3 IOSTANDARD=LVCMOS33 NONE=TRUE
Executing : def_port {cam2_data[1]} LOC=U8 VCCIO=3.3 IOSTANDARD=LVCMOS33 NONE=TRUE successfully
Executing : def_port {cam2_data[2]} LOC=T8 VCCIO=3.3 IOSTANDARD=LVCMOS33 NONE=TRUE
Executing : def_port {cam2_data[2]} LOC=T8 VCCIO=3.3 IOSTANDARD=LVCMOS33 NONE=TRUE successfully
Executing : def_port {cam2_data[3]} LOC=U9 VCCIO=3.3 IOSTANDARD=LVCMOS33 NONE=TRUE
Executing : def_port {cam2_data[3]} LOC=U9 VCCIO=3.3 IOSTANDARD=LVCMOS33 NONE=TRUE successfully
Executing : def_port {cam2_data[4]} LOC=W8 VCCIO=3.3 IOSTANDARD=LVCMOS33 NONE=TRUE
Executing : def_port {cam2_data[4]} LOC=W8 VCCIO=3.3 IOSTANDARD=LVCMOS33 NONE=TRUE successfully
Executing : def_port {cam2_data[5]} LOC=AB8 VCCIO=3.3 IOSTANDARD=LVCMOS33 NONE=TRUE
Executing : def_port {cam2_data[5]} LOC=AB8 VCCIO=3.3 IOSTANDARD=LVCMOS33 NONE=TRUE successfully
Executing : def_port {cam2_data[6]} LOC=Y9 VCCIO=3.3 IOSTANDARD=LVCMOS33 NONE=TRUE
Executing : def_port {cam2_data[6]} LOC=Y9 VCCIO=3.3 IOSTANDARD=LVCMOS33 NONE=TRUE successfully
Executing : def_port {cam2_data[7]} LOC=AB9 VCCIO=3.3 IOSTANDARD=LVCMOS33 NONE=TRUE
Executing : def_port {cam2_data[7]} LOC=AB9 VCCIO=3.3 IOSTANDARD=LVCMOS33 NONE=TRUE successfully
Executing : def_port {cam2_href} LOC=AB5 VCCIO=3.3 IOSTANDARD=LVCMOS33 NONE=TRUE
C: ConstraintEditor-2002: [D:/desktop/chuli/sum_1/daima/jichuang/device_map/top.pcf(line number: 137)] | Port cam2_href has been placed at location AB5, whose type is share pin.
Executing : def_port {cam2_href} LOC=AB5 VCCIO=3.3 IOSTANDARD=LVCMOS33 NONE=TRUE successfully
Executing : def_port {cam2_pclk} LOC=W6 VCCIO=3.3 IOSTANDARD=LVCMOS33 NONE=TRUE
C: ConstraintEditor-2001: [D:/desktop/chuli/sum_1/daima/jichuang/device_map/top.pcf(line number: 138)] Object 'cam2_pclk' is dangling, which has no connection. it will be ignored.
Executing : def_port {cam2_pclk} LOC=W6 VCCIO=3.3 IOSTANDARD=LVCMOS33 NONE=TRUE failed
Executing : def_port {cam2_vsync} LOC=Y5 VCCIO=3.3 IOSTANDARD=LVCMOS33 NONE=TRUE
C: ConstraintEditor-2002: [D:/desktop/chuli/sum_1/daima/jichuang/device_map/top.pcf(line number: 139)] | Port cam2_vsync has been placed at location Y5, whose type is share pin.
Executing : def_port {cam2_vsync} LOC=Y5 VCCIO=3.3 IOSTANDARD=LVCMOS33 NONE=TRUE successfully
Executing : def_port {cam_data[0]} LOC=V11 VCCIO=3.3 IOSTANDARD=LVCMOS33 NONE=TRUE
Executing : def_port {cam_data[0]} LOC=V11 VCCIO=3.3 IOSTANDARD=LVCMOS33 NONE=TRUE successfully
Executing : def_port {cam_data[1]} LOC=Y10 VCCIO=3.3 IOSTANDARD=LVCMOS33 NONE=TRUE
Executing : def_port {cam_data[1]} LOC=Y10 VCCIO=3.3 IOSTANDARD=LVCMOS33 NONE=TRUE successfully
Executing : def_port {cam_data[2]} LOC=T11 VCCIO=3.3 IOSTANDARD=LVCMOS33 NONE=TRUE
Executing : def_port {cam_data[2]} LOC=T11 VCCIO=3.3 IOSTANDARD=LVCMOS33 NONE=TRUE successfully
Executing : def_port {cam_data[3]} LOC=R11 VCCIO=3.3 IOSTANDARD=LVCMOS33 NONE=TRUE
Executing : def_port {cam_data[3]} LOC=R11 VCCIO=3.3 IOSTANDARD=LVCMOS33 NONE=TRUE successfully
Executing : def_port {cam_data[4]} LOC=W11 VCCIO=3.3 IOSTANDARD=LVCMOS33 NONE=TRUE
Executing : def_port {cam_data[4]} LOC=W11 VCCIO=3.3 IOSTANDARD=LVCMOS33 NONE=TRUE successfully
Executing : def_port {cam_data[5]} LOC=AB11 VCCIO=3.3 IOSTANDARD=LVCMOS33 NONE=TRUE
Executing : def_port {cam_data[5]} LOC=AB11 VCCIO=3.3 IOSTANDARD=LVCMOS33 NONE=TRUE successfully
Executing : def_port {cam_data[6]} LOC=AA10 VCCIO=3.3 IOSTANDARD=LVCMOS33 NONE=TRUE
Executing : def_port {cam_data[6]} LOC=AA10 VCCIO=3.3 IOSTANDARD=LVCMOS33 NONE=TRUE successfully
Executing : def_port {cam_data[7]} LOC=AB13 VCCIO=3.3 IOSTANDARD=LVCMOS33 NONE=TRUE
C: ConstraintEditor-2002: [D:/desktop/chuli/sum_1/daima/jichuang/device_map/top.pcf(line number: 147)] | Port cam_data[7] has been placed at location AB13, whose type is share pin.
Executing : def_port {cam_data[7]} LOC=AB13 VCCIO=3.3 IOSTANDARD=LVCMOS33 NONE=TRUE successfully
Executing : def_port {cam_href} LOC=AB10 VCCIO=3.3 IOSTANDARD=LVCMOS33 NONE=TRUE
Executing : def_port {cam_href} LOC=AB10 VCCIO=3.3 IOSTANDARD=LVCMOS33 NONE=TRUE successfully
Executing : def_port {cam_pclk} LOC=T12 VCCIO=3.3 IOSTANDARD=LVCMOS33 NONE=TRUE
Executing : def_port {cam_pclk} LOC=T12 VCCIO=3.3 IOSTANDARD=LVCMOS33 NONE=TRUE successfully
Executing : def_port {cam_vsync} LOC=U12 VCCIO=3.3 IOSTANDARD=LVCMOS33 NONE=TRUE
Executing : def_port {cam_vsync} LOC=U12 VCCIO=3.3 IOSTANDARD=LVCMOS33 NONE=TRUE successfully
Executing : def_port {de_in} LOC=U13 VCCIO=3.3 IOSTANDARD=LVCMOS33 NONE=TRUE
Executing : def_port {de_in} LOC=U13 VCCIO=3.3 IOSTANDARD=LVCMOS33 NONE=TRUE successfully
Executing : def_port {eth_rx_ctl} LOC=F9 VCCIO=3.3 IOSTANDARD=LVCMOS33 NONE=TRUE
Executing : def_port {eth_rx_ctl} LOC=F9 VCCIO=3.3 IOSTANDARD=LVCMOS33 NONE=TRUE successfully
Executing : def_port {eth_rxc} LOC=F14 VCCIO=3.3 IOSTANDARD=LVCMOS33 NONE=TRUE
Executing : def_port {eth_rxc} LOC=F14 VCCIO=3.3 IOSTANDARD=LVCMOS33 NONE=TRUE successfully
Executing : def_port {eth_rxd[0]} LOC=H10 VCCIO=3.3 IOSTANDARD=LVCMOS33 NONE=TRUE
Executing : def_port {eth_rxd[0]} LOC=H10 VCCIO=3.3 IOSTANDARD=LVCMOS33 NONE=TRUE successfully
Executing : def_port {eth_rxd[1]} LOC=H11 VCCIO=3.3 IOSTANDARD=LVCMOS33 NONE=TRUE
Executing : def_port {eth_rxd[1]} LOC=H11 VCCIO=3.3 IOSTANDARD=LVCMOS33 NONE=TRUE successfully
Executing : def_port {eth_rxd[2]} LOC=G13 VCCIO=3.3 IOSTANDARD=LVCMOS33 NONE=TRUE
Executing : def_port {eth_rxd[2]} LOC=G13 VCCIO=3.3 IOSTANDARD=LVCMOS33 NONE=TRUE successfully
Executing : def_port {eth_rxd[3]} LOC=H13 VCCIO=3.3 IOSTANDARD=LVCMOS33 NONE=TRUE
Executing : def_port {eth_rxd[3]} LOC=H13 VCCIO=3.3 IOSTANDARD=LVCMOS33 NONE=TRUE successfully
Executing : def_port {g_in[0]} LOC=Y17 VCCIO=3.3 IOSTANDARD=LVCMOS33 NONE=TRUE
Executing : def_port {g_in[0]} LOC=Y17 VCCIO=3.3 IOSTANDARD=LVCMOS33 NONE=TRUE successfully
Executing : def_port {g_in[1]} LOC=V17 VCCIO=3.3 IOSTANDARD=LVCMOS33 NONE=TRUE
C: ConstraintEditor-2002: [D:/desktop/chuli/sum_1/daima/jichuang/device_map/top.pcf(line number: 159)] | Port g_in[1] has been placed at location V17, whose type is share pin.
Executing : def_port {g_in[1]} LOC=V17 VCCIO=3.3 IOSTANDARD=LVCMOS33 NONE=TRUE successfully
Executing : def_port {g_in[2]} LOC=W18 VCCIO=3.3 IOSTANDARD=LVCMOS33 NONE=TRUE
C: ConstraintEditor-2002: [D:/desktop/chuli/sum_1/daima/jichuang/device_map/top.pcf(line number: 160)] | Port g_in[2] has been placed at location W18, whose type is share pin.
Executing : def_port {g_in[2]} LOC=W18 VCCIO=3.3 IOSTANDARD=LVCMOS33 NONE=TRUE successfully
Executing : def_port {g_in[3]} LOC=AB19 VCCIO=3.3 IOSTANDARD=LVCMOS33 NONE=TRUE
C: ConstraintEditor-2002: [D:/desktop/chuli/sum_1/daima/jichuang/device_map/top.pcf(line number: 161)] | Port g_in[3] has been placed at location AB19, whose type is share pin.
Executing : def_port {g_in[3]} LOC=AB19 VCCIO=3.3 IOSTANDARD=LVCMOS33 NONE=TRUE successfully
Executing : def_port {g_in[4]} LOC=AA18 VCCIO=3.3 IOSTANDARD=LVCMOS33 NONE=TRUE
C: ConstraintEditor-2002: [D:/desktop/chuli/sum_1/daima/jichuang/device_map/top.pcf(line number: 162)] | Port g_in[4] has been placed at location AA18, whose type is share pin.
Executing : def_port {g_in[4]} LOC=AA18 VCCIO=3.3 IOSTANDARD=LVCMOS33 NONE=TRUE successfully
Executing : def_port {g_in[5]} LOC=AB18 VCCIO=3.3 IOSTANDARD=LVCMOS33 NONE=TRUE
C: ConstraintEditor-2002: [D:/desktop/chuli/sum_1/daima/jichuang/device_map/top.pcf(line number: 163)] | Port g_in[5] has been placed at location AB18, whose type is share pin.
Executing : def_port {g_in[5]} LOC=AB18 VCCIO=3.3 IOSTANDARD=LVCMOS33 NONE=TRUE successfully
Executing : def_port {g_in[6]} LOC=Y18 VCCIO=3.3 IOSTANDARD=LVCMOS33 NONE=TRUE
Executing : def_port {g_in[6]} LOC=Y18 VCCIO=3.3 IOSTANDARD=LVCMOS33 NONE=TRUE successfully
Executing : def_port {g_in[7]} LOC=W17 VCCIO=3.3 IOSTANDARD=LVCMOS33 NONE=TRUE
Executing : def_port {g_in[7]} LOC=W17 VCCIO=3.3 IOSTANDARD=LVCMOS33 NONE=TRUE successfully
Executing : def_port {hs_in} LOC=V13 VCCIO=3.3 IOSTANDARD=LVCMOS33 NONE=TRUE
C: ConstraintEditor-2001: [D:/desktop/chuli/sum_1/daima/jichuang/device_map/top.pcf(line number: 166)] Object 'hs_in' is dangling, which has no connection. it will be ignored.
Executing : def_port {hs_in} LOC=V13 VCCIO=3.3 IOSTANDARD=LVCMOS33 NONE=TRUE failed
Executing : def_port {key_in[0]} LOC=L15 VCCIO=3.3 IOSTANDARD=LVCMOS33 NONE=TRUE
C: ConstraintEditor-2001: [D:/desktop/chuli/sum_1/daima/jichuang/device_map/top.pcf(line number: 167)] Object 'key_in[0]' is dangling, which has no connection. it will be ignored.
Executing : def_port {key_in[0]} LOC=L15 VCCIO=3.3 IOSTANDARD=LVCMOS33 NONE=TRUE failed
Executing : def_port {key_in[1]} LOC=J17 VCCIO=3.3 IOSTANDARD=LVCMOS33 NONE=TRUE
C: ConstraintEditor-2001: [D:/desktop/chuli/sum_1/daima/jichuang/device_map/top.pcf(line number: 168)] Object 'key_in[1]' is dangling, which has no connection. it will be ignored.
Executing : def_port {key_in[1]} LOC=J17 VCCIO=3.3 IOSTANDARD=LVCMOS33 NONE=TRUE failed
Executing : def_port {key_in[2]} LOC=K16 VCCIO=3.3 IOSTANDARD=LVCMOS33 NONE=TRUE
C: ConstraintEditor-2001: [D:/desktop/chuli/sum_1/daima/jichuang/device_map/top.pcf(line number: 169)] Object 'key_in[2]' is dangling, which has no connection. it will be ignored.
Executing : def_port {key_in[2]} LOC=K16 VCCIO=3.3 IOSTANDARD=LVCMOS33 NONE=TRUE failed
Executing : def_port {key_in[3]} LOC=J16 VCCIO=3.3 IOSTANDARD=LVCMOS33 NONE=TRUE
C: ConstraintEditor-2001: [D:/desktop/chuli/sum_1/daima/jichuang/device_map/top.pcf(line number: 170)] Object 'key_in[3]' is dangling, which has no connection. it will be ignored.
Executing : def_port {key_in[3]} LOC=J16 VCCIO=3.3 IOSTANDARD=LVCMOS33 NONE=TRUE failed
Executing : def_port {key_in[4]} LOC=J19 VCCIO=3.3 IOSTANDARD=LVCMOS33 NONE=TRUE
C: ConstraintEditor-2001: [D:/desktop/chuli/sum_1/daima/jichuang/device_map/top.pcf(line number: 171)] Object 'key_in[4]' is dangling, which has no connection. it will be ignored.
Executing : def_port {key_in[4]} LOC=J19 VCCIO=3.3 IOSTANDARD=LVCMOS33 NONE=TRUE failed
Executing : def_port {key_in[5]} LOC=H20 VCCIO=3.3 IOSTANDARD=LVCMOS33 NONE=TRUE
C: ConstraintEditor-2001: [D:/desktop/chuli/sum_1/daima/jichuang/device_map/top.pcf(line number: 172)] Object 'key_in[5]' is dangling, which has no connection. it will be ignored.
Executing : def_port {key_in[5]} LOC=H20 VCCIO=3.3 IOSTANDARD=LVCMOS33 NONE=TRUE failed
Executing : def_port {key_in[6]} LOC=H17 VCCIO=3.3 IOSTANDARD=LVCMOS33 NONE=TRUE
C: ConstraintEditor-2001: [D:/desktop/chuli/sum_1/daima/jichuang/device_map/top.pcf(line number: 173)] Object 'key_in[6]' is dangling, which has no connection. it will be ignored.
Executing : def_port {key_in[6]} LOC=H17 VCCIO=3.3 IOSTANDARD=LVCMOS33 NONE=TRUE failed
Executing : def_port {pixclk_in} LOC=AA12 VCCIO=3.3 IOSTANDARD=LVCMOS33 NONE=TRUE
C: ConstraintEditor-2002: [D:/desktop/chuli/sum_1/daima/jichuang/device_map/top.pcf(line number: 174)] | Port pixclk_in has been placed at location AA12, whose type is share pin.
Executing : def_port {pixclk_in} LOC=AA12 VCCIO=3.3 IOSTANDARD=LVCMOS33 NONE=TRUE successfully
Executing : def_port {r_in[0]} LOC=Y15 VCCIO=3.3 IOSTANDARD=LVCMOS33 NONE=TRUE
Executing : def_port {r_in[0]} LOC=Y15 VCCIO=3.3 IOSTANDARD=LVCMOS33 NONE=TRUE successfully
Executing : def_port {r_in[1]} LOC=AB15 VCCIO=3.3 IOSTANDARD=LVCMOS33 NONE=TRUE
Executing : def_port {r_in[1]} LOC=AB15 VCCIO=3.3 IOSTANDARD=LVCMOS33 NONE=TRUE successfully
Executing : def_port {r_in[2]} LOC=U16 VCCIO=3.3 IOSTANDARD=LVCMOS33 NONE=TRUE
Executing : def_port {r_in[2]} LOC=U16 VCCIO=3.3 IOSTANDARD=LVCMOS33 NONE=TRUE successfully
Executing : def_port {r_in[3]} LOC=V15 VCCIO=3.3 IOSTANDARD=LVCMOS33 NONE=TRUE
Executing : def_port {r_in[3]} LOC=V15 VCCIO=3.3 IOSTANDARD=LVCMOS33 NONE=TRUE successfully
Executing : def_port {r_in[4]} LOC=AA14 VCCIO=3.3 IOSTANDARD=LVCMOS33 NONE=TRUE
Executing : def_port {r_in[4]} LOC=AA14 VCCIO=3.3 IOSTANDARD=LVCMOS33 NONE=TRUE successfully
Executing : def_port {r_in[5]} LOC=AB14 VCCIO=3.3 IOSTANDARD=LVCMOS33 NONE=TRUE
Executing : def_port {r_in[5]} LOC=AB14 VCCIO=3.3 IOSTANDARD=LVCMOS33 NONE=TRUE successfully
Executing : def_port {r_in[6]} LOC=W14 VCCIO=3.3 IOSTANDARD=LVCMOS33 NONE=TRUE
Executing : def_port {r_in[6]} LOC=W14 VCCIO=3.3 IOSTANDARD=LVCMOS33 NONE=TRUE successfully
Executing : def_port {r_in[7]} LOC=Y14 VCCIO=3.3 IOSTANDARD=LVCMOS33 NONE=TRUE
Executing : def_port {r_in[7]} LOC=Y14 VCCIO=3.3 IOSTANDARD=LVCMOS33 NONE=TRUE successfully
Executing : def_port {sys_clk} LOC=P20 VCCIO=3.3 IOSTANDARD=LVCMOS33 NONE=TRUE
Executing : def_port {sys_clk} LOC=P20 VCCIO=3.3 IOSTANDARD=LVCMOS33 NONE=TRUE successfully
Executing : def_port {sys_rst_n} LOC=K18 VCCIO=3.3 IOSTANDARD=LVCMOS33 NONE=TRUE
C: ConstraintEditor-2002: [D:/desktop/chuli/sum_1/daima/jichuang/device_map/top.pcf(line number: 184)] | Port sys_rst_n has been placed at location K18, whose type is share pin.
Executing : def_port {sys_rst_n} LOC=K18 VCCIO=3.3 IOSTANDARD=LVCMOS33 NONE=TRUE successfully
Executing : def_port {vs_in} LOC=W13 VCCIO=3.3 IOSTANDARD=LVCMOS33 NONE=TRUE
Executing : def_port {vs_in} LOC=W13 VCCIO=3.3 IOSTANDARD=LVCMOS33 NONE=TRUE successfully
Executing : def_inst_site {u_ddr3_ip/u_ddrphy_top/ddrphy_reset_ctrl/ddrphy_ioclk_gate/opit_0_inv_L5Q} CLMA_150_192 FF3
Executing : def_inst_site {u_ddr3_ip/u_ddrphy_top/ddrphy_reset_ctrl/ddrphy_ioclk_gate/opit_0_inv_L5Q} CLMA_150_192 FF3 successfully
Executing : def_inst_site {u_ddr3_ip/u_ipsxb_ddrphy_pll_0/u_pll_e3/goppll} PLL_158_199
Executing : def_inst_site {u_ddr3_ip/u_ipsxb_ddrphy_pll_0/u_pll_e3/goppll} PLL_158_199 successfully
Executing : def_inst_site {u_ddr3_ip/u_ipsxb_ddrphy_pll_1/u_pll_e3/goppll} PLL_158_179
Executing : def_inst_site {u_ddr3_ip/u_ipsxb_ddrphy_pll_1/u_pll_e3/goppll} PLL_158_179 successfully
Constraint check end.
I: Column Clock Check open.
Read Column Clock Map.

Placement started.
Phase 1 Pre global placement started.
I: Infer CARRY group, base inst: pattern_vg/u0/U_ipml_sdpram_ram_32to256/ADDR_LOOP[0].DATA_LOOP[0].U_GTP_DRM9K/iGopDrm_inv, insts:2.
I: Infer CARRY group, base inst: pattern_vg/u0/U_ipml_sdpram_ram_32to256/ADDR_LOOP[0].DATA_LOOP[2].U_GTP_DRM9K/iGopDrm_inv, insts:2.
I: Infer CARRY group, base inst: pattern_vg/u0/U_ipml_sdpram_ram_32to256/ADDR_LOOP[0].DATA_LOOP[4].U_GTP_DRM9K/iGopDrm_inv, insts:2.
I: Infer CARRY group, base inst: pattern_vg/u0/U_ipml_sdpram_ram_32to256/ADDR_LOOP[0].DATA_LOOP[6].U_GTP_DRM9K/iGopDrm_inv, insts:2.
I: Infer CARRY group, base inst: u_VDMA0/u_vdma_control/VSDMA_READ_ENABLE.u_fifoout/U_ipml_fifo_fifoout/U_ipml_sdpram/ADDR_LOOP[0].DATA_LOOP[0].U_GTP_DRM9K/iGopDrm, insts:2.
I: Infer CARRY group, base inst: u_VDMA0/u_vdma_control/VSDMA_READ_ENABLE.u_fifoout/U_ipml_fifo_fifoout/U_ipml_sdpram/ADDR_LOOP[0].DATA_LOOP[2].U_GTP_DRM9K/iGopDrm, insts:2.
I: Infer CARRY group, base inst: u_VDMA0/u_vdma_control/VSDMA_READ_ENABLE.u_fifoout/U_ipml_fifo_fifoout/U_ipml_sdpram/ADDR_LOOP[0].DATA_LOOP[4].U_GTP_DRM9K/iGopDrm, insts:2.
I: Infer CARRY group, base inst: u_VDMA0/u_vdma_control/VSDMA_WRITE_ENABLE.u_fifoin/U_ipml_fifo_fifoin/U_ipml_sdpram/ADDR_LOOP[0].DATA_LOOP[0].U_GTP_DRM9K/iGopDrm, insts:2.
I: Infer CARRY group, base inst: u_VDMA0/u_vdma_control/VSDMA_WRITE_ENABLE.u_fifoin/U_ipml_fifo_fifoin/U_ipml_sdpram/ADDR_LOOP[0].DATA_LOOP[2].U_GTP_DRM9K/iGopDrm, insts:2.
I: Infer CARRY group, base inst: u_VDMA0/u_vdma_control/VSDMA_WRITE_ENABLE.u_fifoin/U_ipml_fifo_fifoin/U_ipml_sdpram/ADDR_LOOP[0].DATA_LOOP[4].U_GTP_DRM9K/iGopDrm, insts:2.
I: Infer CARRY group, base inst: u_VDMA0/u_vdma_control/VSDMA_WRITE_ENABLE.u_fifoin/U_ipml_fifo_fifoin/U_ipml_sdpram/ADDR_LOOP[0].DATA_LOOP[6].U_GTP_DRM9K/iGopDrm, insts:2.
I: Infer CARRY group, base inst: u_VDMA1/u_vdma_control/VSDMA_WRITE_ENABLE.u_fifoin/U_ipml_fifo_fifoin/U_ipml_sdpram/ADDR_LOOP[0].DATA_LOOP[0].U_GTP_DRM9K/iGopDrm, insts:2.
I: Infer CARRY group, base inst: u_VDMA1/u_vdma_control/VSDMA_WRITE_ENABLE.u_fifoin/U_ipml_fifo_fifoin/U_ipml_sdpram/ADDR_LOOP[0].DATA_LOOP[2].U_GTP_DRM9K/iGopDrm, insts:2.
I: Infer CARRY group, base inst: u_VDMA1/u_vdma_control/VSDMA_WRITE_ENABLE.u_fifoin/U_ipml_fifo_fifoin/U_ipml_sdpram/ADDR_LOOP[0].DATA_LOOP[4].U_GTP_DRM9K/iGopDrm, insts:2.
I: Infer CARRY group, base inst: u_VDMA1/u_vdma_control/VSDMA_WRITE_ENABLE.u_fifoin/U_ipml_fifo_fifoin/U_ipml_sdpram/ADDR_LOOP[0].DATA_LOOP[6].U_GTP_DRM9K/iGopDrm, insts:2.
I: Infer CARRY group, base inst: u_VDMA2/u_vdma_control/VSDMA_WRITE_ENABLE.u_fifoin/U_ipml_fifo_fifoin/U_ipml_sdpram/ADDR_LOOP[0].DATA_LOOP[0].U_GTP_DRM9K/iGopDrm, insts:2.
I: Infer CARRY group, base inst: u_VDMA2/u_vdma_control/VSDMA_WRITE_ENABLE.u_fifoin/U_ipml_fifo_fifoin/U_ipml_sdpram/ADDR_LOOP[0].DATA_LOOP[2].U_GTP_DRM9K/iGopDrm, insts:2.
I: Infer CARRY group, base inst: u_VDMA2/u_vdma_control/VSDMA_WRITE_ENABLE.u_fifoin/U_ipml_fifo_fifoin/U_ipml_sdpram/ADDR_LOOP[0].DATA_LOOP[4].U_GTP_DRM9K/iGopDrm, insts:2.
I: Infer CARRY group, base inst: u_VDMA2/u_vdma_control/VSDMA_WRITE_ENABLE.u_fifoin/U_ipml_fifo_fifoin/U_ipml_sdpram/ADDR_LOOP[0].DATA_LOOP[6].U_GTP_DRM9K/iGopDrm, insts:2.
I: Infer CARRY group, base inst: u_VDMA3/u_vdma_control/VSDMA_WRITE_ENABLE.u_fifoin/U_ipml_fifo_fifoin/U_ipml_sdpram/ADDR_LOOP[0].DATA_LOOP[0].U_GTP_DRM9K/iGopDrm, insts:2.
I: Infer CARRY group, base inst: u_VDMA3/u_vdma_control/VSDMA_WRITE_ENABLE.u_fifoin/U_ipml_fifo_fifoin/U_ipml_sdpram/ADDR_LOOP[0].DATA_LOOP[2].U_GTP_DRM9K/iGopDrm, insts:2.
I: Infer CARRY group, base inst: u_VDMA3/u_vdma_control/VSDMA_WRITE_ENABLE.u_fifoin/U_ipml_fifo_fifoin/U_ipml_sdpram/ADDR_LOOP[0].DATA_LOOP[4].U_GTP_DRM9K/iGopDrm, insts:2.
I: Infer CARRY group, base inst: u_VDMA3/u_vdma_control/VSDMA_WRITE_ENABLE.u_fifoin/U_ipml_fifo_fifoin/U_ipml_sdpram/ADDR_LOOP[0].DATA_LOOP[6].U_GTP_DRM9K/iGopDrm, insts:2.
Mapping instance eth_udp_loop_inst/u_gmii_to_rgmii/u_rgmii_rx/U_pll_phase_shift/u_pll_e3/goppll to PLL_158_303.
Mapping instance u_pll_clk/u_pll_e3/goppll to PLL_158_55.
Mapping instance u_ddr3_ip/u_ddrphy_top/ddrphy_slice_top/i_ca_group[0].u_ddc_ca/opit_0 to DQSL_6_28.
Mapping instance u_ddr3_ip/u_ddrphy_top/ddrphy_slice_top/i_ca_group[1].u_ddc_ca/opit_0 to DQSL_6_348.
Mapping instance u_ddr3_ip/u_ddrphy_top/ddrphy_slice_top/i_ca_group[2].u_ddc_ca/opit_0 to DQSL_6_100.
Mapping instance u_ddr3_ip/u_ddrphy_top/ddrphy_slice_top/i_ca_group[3].u_ddc_ca/opit_0 to DQSL_6_304.
Mapping instance u_ddr3_ip/u_ddrphy_top/ddrphy_slice_top/i_dqs_group[0].u_ddrphy_data_slice/u_ddc_dqs/opit_0 to DQSL_6_152.
Mapping instance u_ddr3_ip/u_ddrphy_top/ddrphy_slice_top/i_dqs_group[1].u_ddrphy_data_slice/u_ddc_dqs/opit_0 to DQSL_6_180.
Mapping instance u_ddr3_ip/u_ddrphy_top/ddrphy_slice_top/i_dqs_group[2].u_ddrphy_data_slice/u_ddc_dqs/opit_0 to DQSL_6_224.
Mapping instance u_ddr3_ip/u_ddrphy_top/ddrphy_slice_top/i_dqs_group[3].u_ddrphy_data_slice/u_ddc_dqs/opit_0 to DQSL_6_276.
Phase 1.1 1st GP placement started.
Design Utilization : 21%.
Wirelength after clock region global placement is 74301.
1st GP placement takes 12.36 sec.

Phase 1.2 Clock placement started.
Mapping instance u_ddr3_ip/I_GTP_IOCLKBUF_1/gopclkgate to IOCKGATE_6_188.
Mapping instance u_ddr3_ip/I_GTP_IOCLKBUF_0/gopclkgate to IOCKGATE_6_312.
Mapping instance u_ddr3_ip/I_GTP_IOCLKBUF_2/gopclkgate to IOCKGATE_6_64.
Mapping instance u_ddr3_ip/I_GTP_CLKDIV/gopclkdiv to IOCKDIV_6_323.
Mapping instance clkbufg_0/gopclkbufg to USCM_84_115.
Mapping instance clkgate_6/gopclkgate to IOCKGATE_6_322.
Mapping instance clkbufg_1/gopclkbufg to USCM_84_108.
Mapping instance clkbufg_3/gopclkbufg to USCM_84_109.
Mapping instance clkbufg_4/gopclkbufg to USCM_84_110.
Mapping instance clkbufg_5/gopclkbufg to USCM_84_111.
Mapping instance u_ddr3_ip/u_clkbufg/gopclkbufg to USCM_84_112.
Mapping instance u_ddr3_ip/u_clkbufg_gate/gopclkbufg to USCM_84_113.
Mapping instance clkbufg_2/gopclkbufg to USCM_84_114.
Clock placement takes 0.53 sec.

Pre global placement takes 15.53 sec.

Phase 2 Global placement started.
Phase 2.1 Fixed placement started.
Placed fixed group with base inst b_in_ibuf[0]/opit_1 on IOL_219_6.
Placed fixed group with base inst b_in_ibuf[1]/opit_1 on IOL_183_5.
Placed fixed group with base inst b_in_ibuf[2]/opit_1 on IOL_183_6.
Placed fixed group with base inst b_in_ibuf[3]/opit_1 on IOL_215_5.
Placed fixed group with base inst b_in_ibuf[4]/opit_1 on IOL_215_6.
Placed fixed group with base inst b_in_ibuf[5]/opit_1 on IOL_203_5.
Placed fixed group with base inst b_in_ibuf[6]/opit_1 on IOL_203_6.
Placed fixed group with base inst b_in_ibuf[7]/opit_1 on IOL_223_5.
Placed fixed group with base inst b_out_obuf[0]/opit_1 on IOL_327_150.
Placed fixed group with base inst b_out_obuf[1]/opit_1 on IOL_327_149.
Placed fixed group with base inst b_out_obuf[2]/opit_1 on IOL_327_166.
Placed fixed group with base inst b_out_obuf[3]/opit_1 on IOL_327_165.
Placed fixed group with base inst b_out_obuf[4]/opit_1 on IOL_327_170.
Placed fixed group with base inst b_out_obuf[5]/opit_1 on IOL_327_169.
Placed fixed group with base inst b_out_obuf[6]/opit_1 on IOL_327_137.
Placed fixed group with base inst b_out_obuf[7]/opit_1 on IOL_327_138.
Placed fixed group with base inst cam2_data_ibuf[0]/opit_1 on IOL_39_5.
Placed fixed group with base inst cam2_data_ibuf[1]/opit_1 on IOL_63_5.
Placed fixed group with base inst cam2_data_ibuf[2]/opit_1 on IOL_63_6.
Placed fixed group with base inst cam2_data_ibuf[3]/opit_1 on IOL_95_6.
Placed fixed group with base inst cam2_data_ibuf[4]/opit_1 on IOL_47_5.
Placed fixed group with base inst cam2_data_ibuf[5]/opit_1 on IOL_119_5.
Placed fixed group with base inst cam2_data_ibuf[6]/opit_1 on IOL_131_6.
Placed fixed group with base inst cam2_data_ibuf[7]/opit_1 on IOL_131_5.
Placed fixed group with base inst cam2_href_ibuf/opit_1 on IOL_35_5.
Placed fixed group with base inst cam2_rst_n_obuf/opit_1 on IOL_23_5.
Placed fixed group with base inst cam2_scl_obuf/opit_1 on IOL_95_5.
Placed fixed group with base inst cam2_vsync_ibuf/opit_1 on IOL_35_6.
Placed fixed group with base inst cam_data_ibuf[0]/opit_1 on IOL_135_6.
Placed fixed group with base inst cam_data_ibuf[1]/opit_1 on IOL_123_5.
Placed fixed group with base inst cam_data_ibuf[2]/opit_1 on IOL_187_5.
Placed fixed group with base inst cam_data_ibuf[3]/opit_1 on IOL_187_6.
Placed fixed group with base inst cam_data_ibuf[4]/opit_1 on IOL_135_5.
Placed fixed group with base inst cam_data_ibuf[5]/opit_1 on IOL_159_5.
Placed fixed group with base inst cam_data_ibuf[6]/opit_1 on IOL_151_6.
Placed fixed group with base inst cam_data_ibuf[7]/opit_1 on IOL_167_5.
Placed fixed group with base inst cam_href_ibuf/opit_1 on IOL_151_5.
Placed fixed group with base inst cam_pclk_ibuf/opit_1 on IOL_171_6.
Placed fixed group with base inst cam_rst_n_obuf/opit_1 on IOL_123_6.
Placed fixed group with base inst cam_scl_obuf/opit_1 on IOL_159_6.
Placed fixed group with base inst cam_vsync_ibuf/opit_1 on IOL_171_5.
Placed fixed group with base inst de_in_ibuf/opit_1 on IOL_219_5.
Placed fixed group with base inst de_out_obuf/opit_1 on IOL_327_141.
Placed fixed group with base inst eth_rst_n_obuf/opit_1 on IOL_319_374.
Placed fixed group with base inst eth_rxc_ibuf/opit_1 on IOL_243_374.
Placed fixed group with base inst eth_txc_obuf/opit_1 on IOL_299_374.
Placed fixed group with base inst eth_udp_loop_inst/u_gmii_to_rgmii/u_rgmii_rx/igddr1/gateigddr_IOL on IOL_75_374.
Placed fixed group with base inst eth_udp_loop_inst/u_gmii_to_rgmii/u_rgmii_rx/igddr2/gateigddr_IOL on IOL_75_373.
Placed fixed group with base inst eth_udp_loop_inst/u_gmii_to_rgmii/u_rgmii_rx/igddr3/gateigddr_IOL on IOL_251_373.
Placed fixed group with base inst eth_udp_loop_inst/u_gmii_to_rgmii/u_rgmii_rx/igddr4/gateigddr_IOL on IOL_251_374.
Placed fixed group with base inst eth_udp_loop_inst/u_gmii_to_rgmii/u_rgmii_rx/igddr5/gateigddr_IOL on IOL_71_373.
Placed fixed group with base inst eth_udp_loop_inst/u_gmii_to_rgmii/u_rgmii_tx/gtp_outbuft1/opit_1_IOL on IOL_311_374.
Placed fixed group with base inst eth_udp_loop_inst/u_gmii_to_rgmii/u_rgmii_tx/gtp_outbuft2/opit_1_IOL on IOL_311_373.
Placed fixed group with base inst eth_udp_loop_inst/u_gmii_to_rgmii/u_rgmii_tx/gtp_outbuft3/opit_1_IOL on IOL_323_373.
Placed fixed group with base inst eth_udp_loop_inst/u_gmii_to_rgmii/u_rgmii_tx/gtp_outbuft4/opit_1_IOL on IOL_323_374.
Placed fixed group with base inst eth_udp_loop_inst/u_gmii_to_rgmii/u_rgmii_tx/gtp_outbuft5/opit_1_IOL on IOL_299_373.
Placed fixed group with base inst g_in_ibuf[0]/opit_1 on IOL_223_6.
Placed fixed group with base inst g_in_ibuf[1]/opit_1 on IOL_319_6.
Placed fixed group with base inst g_in_ibuf[2]/opit_1 on IOL_319_5.
Placed fixed group with base inst g_in_ibuf[3]/opit_1 on IOL_243_5.
Placed fixed group with base inst g_in_ibuf[4]/opit_1 on IOL_227_6.
Placed fixed group with base inst g_in_ibuf[5]/opit_1 on IOL_227_5.
Placed fixed group with base inst g_in_ibuf[6]/opit_1 on IOL_283_5.
Placed fixed group with base inst g_in_ibuf[7]/opit_1 on IOL_283_6.
Placed fixed group with base inst g_out_obuf[0]/opit_1 on IOL_327_202.
Placed fixed group with base inst g_out_obuf[1]/opit_1 on IOL_327_110.
Placed fixed group with base inst g_out_obuf[2]/opit_1 on IOL_327_109.
Placed fixed group with base inst g_out_obuf[3]/opit_1 on IOL_327_122.
Placed fixed group with base inst g_out_obuf[4]/opit_1 on IOL_327_121.
Placed fixed group with base inst g_out_obuf[5]/opit_1 on IOL_327_233.
Placed fixed group with base inst g_out_obuf[6]/opit_1 on IOL_327_234.
Placed fixed group with base inst g_out_obuf[7]/opit_1 on IOL_327_241.
Placed fixed group with base inst hs_out_obuf/opit_1 on IOL_327_142.
Placed fixed group with base inst iic_scl_obuf/opit_1 on IOL_327_26.
Placed fixed group with base inst iic_tx_scl_obuf/opit_1 on IOL_327_46.
Placed fixed group with base inst led_int_obuf/opit_1 on IOL_19_374.
Placed fixed group with base inst mem_rst_n_obuf/opit_1 on IOL_7_369.
Placed fixed group with base inst pix_clk_obuf/opit_1 on IOL_327_201.
Placed fixed group with base inst pixclk_in_ibuf/opit_1 on IOL_163_6.
Placed fixed group with base inst r_in_ibuf[0]/opit_1 on IOL_191_6.
Placed fixed group with base inst r_in_ibuf[1]/opit_1 on IOL_191_5.
Placed fixed group with base inst r_in_ibuf[2]/opit_1 on IOL_291_6.
Placed fixed group with base inst r_in_ibuf[3]/opit_1 on IOL_291_5.
Placed fixed group with base inst r_in_ibuf[4]/opit_1 on IOL_275_6.
Placed fixed group with base inst r_in_ibuf[5]/opit_1 on IOL_275_5.
Placed fixed group with base inst r_in_ibuf[6]/opit_1 on IOL_199_6.
Placed fixed group with base inst r_in_ibuf[7]/opit_1 on IOL_199_5.
Placed fixed group with base inst r_out_obuf[0]/opit_1 on IOL_327_242.
Placed fixed group with base inst r_out_obuf[1]/opit_1 on IOL_327_209.
Placed fixed group with base inst r_out_obuf[2]/opit_1 on IOL_327_229.
Placed fixed group with base inst r_out_obuf[3]/opit_1 on IOL_327_230.
Placed fixed group with base inst r_out_obuf[4]/opit_1 on IOL_327_213.
Placed fixed group with base inst r_out_obuf[5]/opit_1 on IOL_327_238.
Placed fixed group with base inst r_out_obuf[6]/opit_1 on IOL_327_237.
Placed fixed group with base inst r_out_obuf[7]/opit_1 on IOL_327_273.
Placed fixed group with base inst rstn_out_obuf/opit_1 on IOL_327_42.
Placed fixed group with base inst sys_clk_ibuf/opit_1 on IOL_327_210.
Placed fixed group with base inst sys_rst_n_ibuf/opit_1 on IOL_327_257.
Placed fixed group with base inst u_ddr3_ip/u_ddrphy_top/ddrphy_slice_top/i_dqs_group[0].u_ddrphy_data_slice/dq_loop[0].DQ0_GTP_ISERDES/gateop_a_IO on IOL_7_162.
Placed fixed group with base inst u_ddr3_ip/u_ddrphy_top/ddrphy_slice_top/i_dqs_group[0].u_ddrphy_data_slice/dq_loop[1].DQ0_GTP_ISERDES/gateop_a_IO on IOL_7_161.
Placed fixed group with base inst u_ddr3_ip/u_ddrphy_top/ddrphy_slice_top/i_dqs_group[0].u_ddrphy_data_slice/dq_loop[2].DQ0_GTP_ISERDES/gateop_a_IO on IOL_7_165.
Placed fixed group with base inst u_ddr3_ip/u_ddrphy_top/ddrphy_slice_top/i_dqs_group[0].u_ddrphy_data_slice/dq_loop[3].DQ0_GTP_ISERDES/gateop_a_IO on IOL_7_141.
Placed fixed group with base inst u_ddr3_ip/u_ddrphy_top/ddrphy_slice_top/i_dqs_group[0].u_ddrphy_data_slice/dq_loop[4].DQ0_GTP_ISERDES/gateop_a_IO on IOL_7_166.
Placed fixed group with base inst u_ddr3_ip/u_ddrphy_top/ddrphy_slice_top/i_dqs_group[0].u_ddrphy_data_slice/dq_loop[5].DQ0_GTP_ISERDES/gateop_a_IO on IOL_7_142.
Placed fixed group with base inst u_ddr3_ip/u_ddrphy_top/ddrphy_slice_top/i_dqs_group[0].u_ddrphy_data_slice/dq_loop[6].DQ0_GTP_ISERDES/gateop_a_IO on IOL_7_137.
Placed fixed group with base inst u_ddr3_ip/u_ddrphy_top/ddrphy_slice_top/i_dqs_group[0].u_ddrphy_data_slice/dq_loop[7].DQ0_GTP_ISERDES/gateop_a_IO on IOL_7_146.
Placed fixed group with base inst u_ddr3_ip/u_ddrphy_top/ddrphy_slice_top/i_dqs_group[0].u_ddrphy_data_slice/u_iobufco_dqs/opit_2_O on IOL_7_149.
Placed fixed group with base inst u_ddr3_ip/u_ddrphy_top/ddrphy_slice_top/i_dqs_group[0].u_ddrphy_data_slice/u_outbuft_dm/opit_1_IOL on IOL_7_145.
Placed fixed group with base inst u_ddr3_ip/u_ddrphy_top/ddrphy_slice_top/i_dqs_group[1].u_ddrphy_data_slice/dq_loop[0].DQ0_GTP_ISERDES/gateop_a_IO on IOL_7_174.
Placed fixed group with base inst u_ddr3_ip/u_ddrphy_top/ddrphy_slice_top/i_dqs_group[1].u_ddrphy_data_slice/dq_loop[1].DQ0_GTP_ISERDES/gateop_a_IO on IOL_7_201.
Placed fixed group with base inst u_ddr3_ip/u_ddrphy_top/ddrphy_slice_top/i_dqs_group[1].u_ddrphy_data_slice/dq_loop[2].DQ0_GTP_ISERDES/gateop_a_IO on IOL_7_170.
Placed fixed group with base inst u_ddr3_ip/u_ddrphy_top/ddrphy_slice_top/i_dqs_group[1].u_ddrphy_data_slice/dq_loop[3].DQ0_GTP_ISERDES/gateop_a_IO on IOL_7_202.
Placed fixed group with base inst u_ddr3_ip/u_ddrphy_top/ddrphy_slice_top/i_dqs_group[1].u_ddrphy_data_slice/dq_loop[4].DQ0_GTP_ISERDES/gateop_a_IO on IOL_7_173.
Placed fixed group with base inst u_ddr3_ip/u_ddrphy_top/ddrphy_slice_top/i_dqs_group[1].u_ddrphy_data_slice/dq_loop[5].DQ0_GTP_ISERDES/gateop_a_IO on IOL_7_205.
Placed fixed group with base inst u_ddr3_ip/u_ddrphy_top/ddrphy_slice_top/i_dqs_group[1].u_ddrphy_data_slice/dq_loop[6].DQ0_GTP_ISERDES/gateop_a_IO on IOL_7_209.
Placed fixed group with base inst u_ddr3_ip/u_ddrphy_top/ddrphy_slice_top/i_dqs_group[1].u_ddrphy_data_slice/dq_loop[7].DQ0_GTP_ISERDES/gateop_a_IO on IOL_7_210.
Placed fixed group with base inst u_ddr3_ip/u_ddrphy_top/ddrphy_slice_top/i_dqs_group[1].u_ddrphy_data_slice/u_iobufco_dqs/opit_2_O on IOL_7_177.
Placed fixed group with base inst u_ddr3_ip/u_ddrphy_top/ddrphy_slice_top/i_dqs_group[1].u_ddrphy_data_slice/u_outbuft_dm/opit_1_IOL on IOL_7_206.
Placed fixed group with base inst u_ddr3_ip/u_ddrphy_top/ddrphy_slice_top/i_dqs_group[2].u_ddrphy_data_slice/dq_loop[0].DQ0_GTP_ISERDES/gateop_a_IO on IOL_7_233.
Placed fixed group with base inst u_ddr3_ip/u_ddrphy_top/ddrphy_slice_top/i_dqs_group[2].u_ddrphy_data_slice/dq_loop[1].DQ0_GTP_ISERDES/gateop_a_IO on IOL_7_238.
Placed fixed group with base inst u_ddr3_ip/u_ddrphy_top/ddrphy_slice_top/i_dqs_group[2].u_ddrphy_data_slice/dq_loop[2].DQ0_GTP_ISERDES/gateop_a_IO on IOL_7_241.
Placed fixed group with base inst u_ddr3_ip/u_ddrphy_top/ddrphy_slice_top/i_dqs_group[2].u_ddrphy_data_slice/dq_loop[3].DQ0_GTP_ISERDES/gateop_a_IO on IOL_7_218.
Placed fixed group with base inst u_ddr3_ip/u_ddrphy_top/ddrphy_slice_top/i_dqs_group[2].u_ddrphy_data_slice/dq_loop[4].DQ0_GTP_ISERDES/gateop_a_IO on IOL_7_234.
Placed fixed group with base inst u_ddr3_ip/u_ddrphy_top/ddrphy_slice_top/i_dqs_group[2].u_ddrphy_data_slice/dq_loop[5].DQ0_GTP_ISERDES/gateop_a_IO on IOL_7_217.
Placed fixed group with base inst u_ddr3_ip/u_ddrphy_top/ddrphy_slice_top/i_dqs_group[2].u_ddrphy_data_slice/dq_loop[6].DQ0_GTP_ISERDES/gateop_a_IO on IOL_7_242.
Placed fixed group with base inst u_ddr3_ip/u_ddrphy_top/ddrphy_slice_top/i_dqs_group[2].u_ddrphy_data_slice/dq_loop[7].DQ0_GTP_ISERDES/gateop_a_IO on IOL_7_214.
Placed fixed group with base inst u_ddr3_ip/u_ddrphy_top/ddrphy_slice_top/i_dqs_group[2].u_ddrphy_data_slice/u_iobufco_dqs/opit_2_O on IOL_7_229.
Placed fixed group with base inst u_ddr3_ip/u_ddrphy_top/ddrphy_slice_top/i_dqs_group[2].u_ddrphy_data_slice/u_outbuft_dm/opit_1_IOL on IOL_7_237.
Placed fixed group with base inst u_ddr3_ip/u_ddrphy_top/ddrphy_slice_top/i_dqs_group[3].u_ddrphy_data_slice/dq_loop[0].DQ0_GTP_ISERDES/gateop_a_IO on IOL_7_285.
Placed fixed group with base inst u_ddr3_ip/u_ddrphy_top/ddrphy_slice_top/i_dqs_group[3].u_ddrphy_data_slice/dq_loop[1].DQ0_GTP_ISERDES/gateop_a_IO on IOL_7_270.
Placed fixed group with base inst u_ddr3_ip/u_ddrphy_top/ddrphy_slice_top/i_dqs_group[3].u_ddrphy_data_slice/dq_loop[2].DQ0_GTP_ISERDES/gateop_a_IO on IOL_7_289.
Placed fixed group with base inst u_ddr3_ip/u_ddrphy_top/ddrphy_slice_top/i_dqs_group[3].u_ddrphy_data_slice/dq_loop[3].DQ0_GTP_ISERDES/gateop_a_IO on IOL_7_269.
Placed fixed group with base inst u_ddr3_ip/u_ddrphy_top/ddrphy_slice_top/i_dqs_group[3].u_ddrphy_data_slice/dq_loop[4].DQ0_GTP_ISERDES/gateop_a_IO on IOL_7_286.
Placed fixed group with base inst u_ddr3_ip/u_ddrphy_top/ddrphy_slice_top/i_dqs_group[3].u_ddrphy_data_slice/dq_loop[5].DQ0_GTP_ISERDES/gateop_a_IO on IOL_7_262.
Placed fixed group with base inst u_ddr3_ip/u_ddrphy_top/ddrphy_slice_top/i_dqs_group[3].u_ddrphy_data_slice/dq_loop[6].DQ0_GTP_ISERDES/gateop_a_IO on IOL_7_261.
Placed fixed group with base inst u_ddr3_ip/u_ddrphy_top/ddrphy_slice_top/i_dqs_group[3].u_ddrphy_data_slice/dq_loop[7].DQ0_GTP_ISERDES/gateop_a_IO on IOL_7_265.
Placed fixed group with base inst u_ddr3_ip/u_ddrphy_top/ddrphy_slice_top/i_dqs_group[3].u_ddrphy_data_slice/u_iobufco_dqs/opit_2_O on IOL_7_273.
Placed fixed group with base inst u_ddr3_ip/u_ddrphy_top/ddrphy_slice_top/i_dqs_group[3].u_ddrphy_data_slice/u_outbuft_dm/opit_1_IOL on IOL_7_266.
Placed fixed group with base inst u_ddr3_ip/u_ddrphy_top/ddrphy_slice_top/u_outbuft_addr_0/opit_1_IOL on IOL_7_93.
Placed fixed group with base inst u_ddr3_ip/u_ddrphy_top/ddrphy_slice_top/u_outbuft_addr_1/opit_1_IOL on IOL_7_122.
Placed fixed group with base inst u_ddr3_ip/u_ddrphy_top/ddrphy_slice_top/u_outbuft_addr_2/opit_1_IOL on IOL_7_117.
Placed fixed group with base inst u_ddr3_ip/u_ddrphy_top/ddrphy_slice_top/u_outbuft_addr_3/opit_1_IOL on IOL_7_297.
Placed fixed group with base inst u_ddr3_ip/u_ddrphy_top/ddrphy_slice_top/u_outbuft_addr_4/opit_1_IOL on IOL_7_37.
Placed fixed group with base inst u_ddr3_ip/u_ddrphy_top/ddrphy_slice_top/u_outbuft_addr_5/opit_1_IOL on IOL_7_298.
Placed fixed group with base inst u_ddr3_ip/u_ddrphy_top/ddrphy_slice_top/u_outbuft_addr_6/opit_1_IOL on IOL_7_38.
Placed fixed group with base inst u_ddr3_ip/u_ddrphy_top/ddrphy_slice_top/u_outbuft_addr_7/opit_1_IOL on IOL_7_293.
Placed fixed group with base inst u_ddr3_ip/u_ddrphy_top/ddrphy_slice_top/u_outbuft_addr_8/opit_1_IOL on IOL_7_113.
Placed fixed group with base inst u_ddr3_ip/u_ddrphy_top/ddrphy_slice_top/u_outbuft_addr_9/opit_1_IOL on IOL_7_41.
Placed fixed group with base inst u_ddr3_ip/u_ddrphy_top/ddrphy_slice_top/u_outbuft_addr_10/opit_1_IOL on IOL_7_18.
Placed fixed group with base inst u_ddr3_ip/u_ddrphy_top/ddrphy_slice_top/u_outbuft_addr_11/opit_1_IOL on IOL_7_114.
Placed fixed group with base inst u_ddr3_ip/u_ddrphy_top/ddrphy_slice_top/u_outbuft_addr_12/opit_1_IOL on IOL_7_118.
Placed fixed group with base inst u_ddr3_ip/u_ddrphy_top/ddrphy_slice_top/u_outbuft_addr_13/opit_1_IOL on IOL_7_42.
Placed fixed group with base inst u_ddr3_ip/u_ddrphy_top/ddrphy_slice_top/u_outbuft_addr_14/opit_1_IOL on IOL_7_121.
Placed fixed group with base inst u_ddr3_ip/u_ddrphy_top/ddrphy_slice_top/u_outbuft_ba0/opit_1_IOL on IOL_7_365.
Placed fixed group with base inst u_ddr3_ip/u_ddrphy_top/ddrphy_slice_top/u_outbuft_ba1/opit_1_IOL on IOL_7_21.
Placed fixed group with base inst u_ddr3_ip/u_ddrphy_top/ddrphy_slice_top/u_outbuft_ba2/opit_1_IOL on IOL_7_94.
Placed fixed group with base inst u_ddr3_ip/u_ddrphy_top/ddrphy_slice_top/u_outbuft_casn/opit_1_IOL on IOL_7_362.
Placed fixed group with base inst u_ddr3_ip/u_ddrphy_top/ddrphy_slice_top/u_outbuft_cke/opit_1_IOL on IOL_7_22.
Placed fixed group with base inst u_ddr3_ip/u_ddrphy_top/ddrphy_slice_top/u_outbuft_csn/opit_1_IOL on IOL_7_366.
Placed fixed group with base inst u_ddr3_ip/u_ddrphy_top/ddrphy_slice_top/u_outbuft_odt/opit_1_IOL on IOL_7_358.
Placed fixed group with base inst u_ddr3_ip/u_ddrphy_top/ddrphy_slice_top/u_outbuft_rasn/opit_1_IOL on IOL_7_361.
Placed fixed group with base inst u_ddr3_ip/u_ddrphy_top/ddrphy_slice_top/u_outbuft_wen/opit_1_IOL on IOL_7_357.
Placed fixed group with base inst u_ddr3_ip/u_ddrphy_top/ddrphy_slice_top/u_outbuftco_ck/opit_3_IOL on IOL_7_25.
Placed fixed group with base inst u_ms72xx_ctl.iic_sda_tri/opit_1 on IOL_327_25.
Placed fixed group with base inst u_ms72xx_ctl.iic_tx_sda_tri/opit_1 on IOL_327_45.
Placed fixed group with base inst u_ov5640_dri_1.u_i2c_dr.sda_tri/opit_1 on IOL_167_6.
Placed fixed group with base inst u_ov5640_dri_2.u_i2c_dr.sda_tri/opit_1 on IOL_115_6.
Placed fixed group with base inst vs_in_ibuf/opit_1 on IOL_211_5.
Placed fixed group with base inst vs_out_obuf/opit_1 on IOL_327_146.
Placed fixed instance u_ddr3_ip/u_ddrphy_top/ddrphy_reset_ctrl/ddrphy_ioclk_gate/opit_0_inv_L5Q on CLMA_150_192.
Placed fixed instance clkbufg_0/gopclkbufg on USCM_84_115.
Placed fixed instance clkbufg_1/gopclkbufg on USCM_84_108.
Placed fixed instance clkbufg_2/gopclkbufg on USCM_84_114.
Placed fixed instance clkbufg_3/gopclkbufg on USCM_84_109.
Placed fixed instance clkbufg_4/gopclkbufg on USCM_84_110.
Placed fixed instance clkbufg_5/gopclkbufg on USCM_84_111.
Placed fixed instance clkgate_6/gopclkgate on IOCKGATE_6_322.
Placed fixed instance eth_udp_loop_inst/u_gmii_to_rgmii/u_rgmii_rx/U_pll_phase_shift/u_pll_e3/goppll on PLL_158_303.
Placed fixed instance u_ddr3_ip/I_GTP_CLKDIV/gopclkdiv on IOCKDIV_6_323.
Placed fixed instance u_ddr3_ip/I_GTP_IOCLKBUF_0/gopclkgate on IOCKGATE_6_312.
Placed fixed instance u_ddr3_ip/I_GTP_IOCLKBUF_1/gopclkgate on IOCKGATE_6_188.
Placed fixed instance u_ddr3_ip/I_GTP_IOCLKBUF_2/gopclkgate on IOCKGATE_6_64.
Placed fixed instance u_ddr3_ip/u_clkbufg/gopclkbufg on USCM_84_112.
Placed fixed instance u_ddr3_ip/u_clkbufg_gate/gopclkbufg on USCM_84_113.
Placed fixed instance u_ddr3_ip/u_ddrphy_top/ddrphy_slice_top/i_ca_group[0].u_ddc_ca/opit_0 on DQSL_6_28.
Placed fixed instance u_ddr3_ip/u_ddrphy_top/ddrphy_slice_top/i_ca_group[1].u_ddc_ca/opit_0 on DQSL_6_348.
Placed fixed instance u_ddr3_ip/u_ddrphy_top/ddrphy_slice_top/i_ca_group[2].u_ddc_ca/opit_0 on DQSL_6_100.
Placed fixed instance u_ddr3_ip/u_ddrphy_top/ddrphy_slice_top/i_ca_group[3].u_ddc_ca/opit_0 on DQSL_6_304.
Placed fixed instance u_ddr3_ip/u_ddrphy_top/ddrphy_slice_top/i_dqs_group[0].u_ddrphy_data_slice/u_ddc_dqs/opit_0 on DQSL_6_152.
Placed fixed instance u_ddr3_ip/u_ddrphy_top/ddrphy_slice_top/i_dqs_group[1].u_ddrphy_data_slice/u_ddc_dqs/opit_0 on DQSL_6_180.
Placed fixed instance u_ddr3_ip/u_ddrphy_top/ddrphy_slice_top/i_dqs_group[2].u_ddrphy_data_slice/u_ddc_dqs/opit_0 on DQSL_6_224.
Placed fixed instance u_ddr3_ip/u_ddrphy_top/ddrphy_slice_top/i_dqs_group[3].u_ddrphy_data_slice/u_ddc_dqs/opit_0 on DQSL_6_276.
Placed fixed instance u_ddr3_ip/u_ipsxb_ddrphy_pll_0/u_pll_e3/goppll on PLL_158_199.
Placed fixed instance u_ddr3_ip/u_ipsxb_ddrphy_pll_1/u_pll_e3/goppll on PLL_158_179.
Placed fixed instance u_pll_clk/u_pll_e3/goppll on PLL_158_55.
Placed fixed instance BKCL_auto_0 on BKCL_188_376.
Placed fixed instance BKCL_auto_1 on BKCL_328_184.
Placed fixed instance BKCL_auto_2 on BKCL_192_0.
Placed fixed instance BKCL_auto_3 on BKCL_0_184.
Fixed placement takes 0.00 sec.

Phase 2.2 Process placement started.
Placed instance u_ddr3_ip/u_ddrphy_top/I_GTP_DLL/gopdll(gopDLL) on DLL_7_186, and placed u_ddr3_ip/u_ddrphy_top/ddrphy_slice_top/i_ca_group[0].u_ddc_ca/opit_0(gopDQS_DDC) on DQSL_6_28.
Placed instance u_ddr3_ip/u_ddrphy_top/I_GTP_DLL/gopdll(gopDLL) on DLL_7_186, and placed u_ddr3_ip/u_ddrphy_top/ddrphy_slice_top/i_ca_group[1].u_ddc_ca/opit_0(gopDQS_DDC) on DQSL_6_348.
Placed instance u_ddr3_ip/u_ddrphy_top/I_GTP_DLL/gopdll(gopDLL) on DLL_7_186, and placed u_ddr3_ip/u_ddrphy_top/ddrphy_slice_top/i_ca_group[2].u_ddc_ca/opit_0(gopDQS_DDC) on DQSL_6_100.
Placed instance u_ddr3_ip/u_ddrphy_top/I_GTP_DLL/gopdll(gopDLL) on DLL_7_186, and placed u_ddr3_ip/u_ddrphy_top/ddrphy_slice_top/i_ca_group[3].u_ddc_ca/opit_0(gopDQS_DDC) on DQSL_6_304.
Placed instance u_ddr3_ip/u_ddrphy_top/I_GTP_DLL/gopdll(gopDLL) on DLL_7_186, and placed u_ddr3_ip/u_ddrphy_top/ddrphy_slice_top/i_dqs_group[0].u_ddrphy_data_slice/u_ddc_dqs/opit_0(gopDQS_DDC) on DQSL_6_152.
Placed instance u_ddr3_ip/u_ddrphy_top/I_GTP_DLL/gopdll(gopDLL) on DLL_7_186, and placed u_ddr3_ip/u_ddrphy_top/ddrphy_slice_top/i_dqs_group[1].u_ddrphy_data_slice/u_ddc_dqs/opit_0(gopDQS_DDC) on DQSL_6_180.
Placed instance u_ddr3_ip/u_ddrphy_top/I_GTP_DLL/gopdll(gopDLL) on DLL_7_186, and placed u_ddr3_ip/u_ddrphy_top/ddrphy_slice_top/i_dqs_group[2].u_ddrphy_data_slice/u_ddc_dqs/opit_0(gopDQS_DDC) on DQSL_6_224.
Placed instance u_ddr3_ip/u_ddrphy_top/I_GTP_DLL/gopdll(gopDLL) on DLL_7_186, and placed u_ddr3_ip/u_ddrphy_top/ddrphy_slice_top/i_dqs_group[3].u_ddrphy_data_slice/u_ddc_dqs/opit_0(gopDQS_DDC) on DQSL_6_276.
Process placement takes 0.00 sec.

Phase 2.3 IO placement started.
IO placement takes 0.09 sec.

Phase 2.4 2nd GP placement started.
Run super clustering :
	Initial slack -4402.
	7 iterations finished.
	Final slack -1538.
Super clustering done.
Design Utilization : 21%.
2nd GP placement takes 12.19 sec.

Wirelength after global placement is 72003.
Global placement takes 12.28 sec.

Phase 3 Post global placement started.
Phase 3.1 Macro cell placement started.
Wirelength after macro cell placement is 84533.
Macro cell placement takes 0.05 sec.

Phase 3.2 3rd GP placement started.
Run super clustering :
	Initial slack -4402.
	7 iterations finished.
	Final slack -1538.
Super clustering done.
Design Utilization : 21%.
