#Build: Fabric Compiler 2022.1, Build 99559, Jul 12 00:20 2022
#Install: D:\pango\PDS_2022.1\bin
#Application name: pds_shell.exe
#OS: Windows 10 10.0.19045
#Hostname: LING
Generated by Fabric Compiler (version 2022.1 build 99559) at Wed Nov 15 01:24:50 2023
Compiling verification operator library.
Compiling common defs.
Compiling prim grid devices.
Compiling gate devices.
Compiling gate operators.
Building architecture model.
Loading device packaging model.
Reading design from DB.
Start Generate Netlist.
Generate Netlist is finished successfully.
Action gen_netlist: Real time elapsed is 0h:0m:27s
Action gen_netlist: CPU time elapsed is 0h:0m:22s
Action gen_netlist: Process CPU time elapsed is 0h:0m:22s
Current time: Wed Nov 15 01:25:14 2023
Action gen_netlist: Peak memory pool usage is 922 MB
