#Build: Fabric Inserter 2022.1, Build 99559, Jul 12 00:20 2022
#Install: E:\PDS\PDS_2022.1\bin
#Application name: cdt_ins.exe
#OS: Windows 10 10.0.19044
#Hostname: LAPTOP-CVU48D5T
Generated by Fabric Inserter (version 2022.1 build 99559) at Wed May 24 15:21:09 2023
*************************************************************************
*
*  Parsing design. Please be patient as this can take several minutes.
*
*************************************************************************
Compiling architecture definition.
Loading technology operator library.
Compiling technology operator library.
Compiling technology operator (valence) library.
Compiling file 'E:/PDS/project/jichuang/synthesize/top_syn.adf' successful.
Creating module hierarchy.
Collecting net information.
*************************************************************************
*
*  Design Parsing Done.
*
*************************************************************************
Read project 'E:/PDS/project/jichuang/synthesize/top_syn.fic' Successfully.
M_PROCESS_FINISH_STARTED

Successfully Write Project E:/PDS/project/jichuang/synthesize/top_syn.fic.
